#
# An unexpected error has been detected by Java Runtime Environment:
#
#  SIGSEGV (0xb) at pc=0xb7f3b8b1, pid=20878, tid=2966416272
#
# Java VM: Java HotSpot(TM) Client VM (11.3-b02 mixed mode, sharing linux-x86)
# Problematic frame:
# C  [libc.so.6+0x798b1]  memcpy+0x61
#
# If you would like to submit a bug report, please visit:
#   http://java.sun.com/webapps/bugreport/crash.jsp
# The crash happened outside the Java Virtual Machine in native code.
# See problematic frame for where to report the bug.
#

---------------  T H R E A D  ---------------

Current thread (0x09ba8800):  JavaThread "Computes values in handlers" daemon [_thread_in_native, id=21401, stack(0xb0afe000,0xb0cff000)]

siginfo:si_signo=SIGSEGV: si_errno=0, si_code=2 (SEGV_ACCERR), si_addr=0xb2f76000

Registers:
EAX=0x09d61d70, EBX=0xb7c257bc, ECX=0x0000013e, EDX=0xb2f684b7
ESP=0xb0cfd664, EBP=0xb0cfd690, ESI=0xb2f75ffd, EDI=0x0a013b38
EIP=0xb7f3b8b1, CR2=0xb2f76000, EFLAGS=0x00010206

Top of Stack: (sp=0xb0cfd664)
0xb0cfd664:   b7c20e32 0a012030 b2f744f5 00002000
0xb0cfd674:   0a010194 00002000 00000010 0000c000
0xb0cfd684:   b7c257bc 09d98634 00000000 b0cfd6c0
0xb0cfd694:   b7c2100b 09cc57c0 09d98634 00000000
0xb0cfd6a4:   09ba968c 09ba8800 09ba8800 127da045
0xb0cfd6b4:   b7c257bc b0cfd708 09ba8914 b0cfdb30
0xb0cfd6c4:   b7c181f9 09cc57c0 b0cfd708 00000020
0xb0cfd6d4:   00000020 b0cfd708 00000001 00000000 

Instructions: (pc=0xb7f3b8b1)
0xb7f3b8a1:   8b 44 24 04 c3 d1 e9 73 01 a4 d1 e9 73 02 66 a5
0xb7f3b8b1:   f3 a5 eb e8 90 90 90 90 90 90 90 90 90 90 90 55 

Stack: [0xb0afe000,0xb0cff000],  sp=0xb0cfd664,  free space=2045k
Native frames: (J=compiled Java code, j=interpreted, Vv=VM code, C=native code)
C  [libc.so.6+0x798b1]  memcpy+0x61
C  [libzip.so+0xc00b]  ZIP_GetEntry+0x10b
C  [libzip.so+0x31f9]  Java_java_util_zip_ZipFile_getEntry+0xc9
J  java.util.zip.ZipFile.getEntry(JLjava/lang/String;Z)J
J  java.util.zip.ZipFile.getEntry(Ljava/lang/String;)Ljava/util/zip/ZipEntry;
J  java.util.jar.JarFile.getEntry(Ljava/lang/String;)Ljava/util/zip/ZipEntry;
J  org.netbeans.JarClassLoader$JarSource.resource(Ljava/lang/String;)[B
J  org.netbeans.Archive.getData(Lorg/netbeans/JarClassLoader$JarSource;Ljava/lang/String;)[B
J  org.netbeans.JarClassLoader$JarSource.doGetResource(Ljava/lang/String;)Ljava/net/URL;
J  org.netbeans.JarClassLoader.findResource(Ljava/lang/String;)Ljava/net/URL;
J  org.netbeans.ProxyClassLoader.getResource(Ljava/lang/String;)Ljava/net/URL;
j  org.netbeans.core.startup.NbInstaller.loadLayers(Ljava/util/List;Z)V+353
j  org.netbeans.core.startup.NbInstaller.unload(Ljava/util/List;)V+219
j  org.netbeans.ModuleManager.disable(Ljava/util/Set;)V+190
j  org.netbeans.core.startup.ModuleSystem.turnOffModule(Lorg/netbeans/Module;Ljava/util/Set;)V+108
j  org.netbeans.core.startup.ModuleSystem.deployTestModule(Ljava/io/File;)V+158
j  org.netbeans.core.startup.TestModuleDeployer.deployTestModule(Ljava/io/File;)V+7
j  org.netbeans.core.startup.CLITestModuleReload.cli(Lorg/netbeans/CLIHandler$Args;)I+83
j  org.netbeans.CLIHandler.notifyHandlers(Lorg/netbeans/CLIHandler$Args;Ljava/util/Collection;IZZ)I+48
j  org.netbeans.CLIHandler$Server$1ComputingAndNotifying.run()V+46
v  ~StubRoutines::call_stub
V  [libjvm.so+0x21b25d]
V  [libjvm.so+0x30f998]
V  [libjvm.so+0x21ab70]
V  [libjvm.so+0x21abfd]
V  [libjvm.so+0x28b265]
V  [libjvm.so+0x3a03dd]
V  [libjvm.so+0x310ac9]
C  [libpthread.so.0+0x64ff]

Java frames: (J=compiled Java code, j=interpreted, Vv=VM code)
J  java.util.zip.ZipFile.getEntry(JLjava/lang/String;Z)J
J  java.util.zip.ZipFile.getEntry(Ljava/lang/String;)Ljava/util/zip/ZipEntry;
J  java.util.jar.JarFile.getEntry(Ljava/lang/String;)Ljava/util/zip/ZipEntry;
J  org.netbeans.JarClassLoader$JarSource.resource(Ljava/lang/String;)[B
J  org.netbeans.Archive.getData(Lorg/netbeans/JarClassLoader$JarSource;Ljava/lang/String;)[B
J  org.netbeans.JarClassLoader$JarSource.doGetResource(Ljava/lang/String;)Ljava/net/URL;
J  org.netbeans.JarClassLoader.findResource(Ljava/lang/String;)Ljava/net/URL;
J  org.netbeans.ProxyClassLoader.getResource(Ljava/lang/String;)Ljava/net/URL;
j  org.netbeans.core.startup.NbInstaller.loadLayers(Ljava/util/List;Z)V+353
j  org.netbeans.core.startup.NbInstaller.unload(Ljava/util/List;)V+219
j  org.netbeans.ModuleManager.disable(Ljava/util/Set;)V+190
j  org.netbeans.core.startup.ModuleSystem.turnOffModule(Lorg/netbeans/Module;Ljava/util/Set;)V+108
j  org.netbeans.core.startup.ModuleSystem.deployTestModule(Ljava/io/File;)V+158
j  org.netbeans.core.startup.TestModuleDeployer.deployTestModule(Ljava/io/File;)V+7
j  org.netbeans.core.startup.CLITestModuleReload.cli(Lorg/netbeans/CLIHandler$Args;)I+83
j  org.netbeans.CLIHandler.notifyHandlers(Lorg/netbeans/CLIHandler$Args;Ljava/util/Collection;IZZ)I+48
j  org.netbeans.CLIHandler$Server$1ComputingAndNotifying.run()V+46
v  ~StubRoutines::call_stub

---------------  P R O C E S S  ---------------

Java Threads: ( => current thread )
  0x096e1800 JavaThread "Inactive RequestProcessor thread [Was:StdErr Flush/org.netbeans.core.startup.TopLogging$LgStream]" daemon [_thread_blocked, id=21402, stack(0xb2f76000,0xb3177000)]
=>0x09ba8800 JavaThread "Computes values in handlers" daemon [_thread_in_native, id=21401, stack(0xb0afe000,0xb0cff000)]
  0x09892400 JavaThread "CLI Handler Thread Handler: 1" daemon [_thread_blocked, id=21400, stack(0xb08fd000,0xb0afe000)]
  0x09b30000 JavaThread "Parsing & Indexing Loop (200906042131)" daemon [_thread_blocked, id=20947, stack(0xb104a000,0xb124b000)]
  0x095e0c00 JavaThread "DestroyJavaVM" [_thread_blocked, id=20879, stack(0xb7c9a000,0xb7e9b000)]
  0x09b20c00 JavaThread "AWT-EventQueue-1" [_thread_blocked, id=20940, stack(0xb3579000,0xb377a000)]
  0x09b34400 JavaThread "*** JFluid Separate Command Execution Thread" daemon [_thread_blocked, id=20939, stack(0xb1b1f000,0xb1d20000)]
  0x09ccc800 JavaThread "Thread-4" daemon [_thread_blocked, id=20929, stack(0xb1d3a000,0xb1f3b000)]
  0x0983c800 JavaThread "TimerQueue" daemon [_thread_blocked, id=20897, stack(0xb3378000,0xb3579000)]
  0x0980c400 JavaThread "AWT-Shutdown" [_thread_blocked, id=20895, stack(0xb377a000,0xb397b000)]
  0x0980b800 JavaThread "AWT-XAWT" daemon [_thread_in_native, id=20894, stack(0xb397b000,0xb3b7c000)]
  0x097dfc00 JavaThread "Java2D Disposer" daemon [_thread_blocked, id=20893, stack(0xb3c93000,0xb3e94000)]
  0x097c0800 JavaThread "Active Reference Queue Daemon" daemon [_thread_blocked, id=20892, stack(0xb415f000,0xb4360000)]
  0x097b5c00 JavaThread "Timer-0" daemon [_thread_blocked, id=20889, stack(0xb4561000,0xb4762000)]
  0x097b4400 JavaThread "CLI Requests Server" daemon [_thread_in_native, id=20888, stack(0xb4762000,0xb4963000)]
  0x09618c00 JavaThread "Low Memory Detector" daemon [_thread_blocked, id=20885, stack(0xb4fe6000,0xb51e7000)]
  0x09615c00 JavaThread "CompilerThread0" daemon [_thread_blocked, id=20884, stack(0xb51e7000,0xb5268000)]
  0x09614400 JavaThread "Signal Dispatcher" daemon [_thread_blocked, id=20883, stack(0xb5268000,0xb5469000)]
  0x0960e000 JavaThread "Finalizer" daemon [_thread_blocked, id=20882, stack(0xb54af000,0xb56b0000)]
  0x09609400 JavaThread "Reference Handler" daemon [_thread_blocked, id=20881, stack(0xb56b0000,0xb58b1000)]

Other Threads:
  0x09607800 VMThread [stack: 0xb58b1000,0xb5932000] [id=20880]
  0x0961a800 WatcherThread [stack: 0xb4f65000,0xb4fe6000] [id=20886]

VM state:not at safepoint (normal execution)

VM Mutex/Monitor currently owned by a thread: None

Heap
 def new generation   total 5568K, used 3298K [0x6e5f0000, 0x6ebf0000, 0x704d0000)
  eden space 4992K,  57% used [0x6e5f0000, 0x6e8bc258, 0x6ead0000)
  from space 576K,  75% used [0x6ead0000, 0x6eb3c678, 0x6eb60000)
  to   space 576K,   0% used [0x6eb60000, 0x6eb60000, 0x6ebf0000)
 tenured generation   total 72828K, used 39913K [0x704d0000, 0x74bef000, 0x877f0000)
   the space 72828K,  54% used [0x704d0000, 0x72bca438, 0x72bca600, 0x74bef000)
 compacting perm gen  total 32768K, used 28532K [0x877f0000, 0x897f0000, 0x93ff0000)
   the space 32768K,  87% used [0x877f0000, 0x893cd1d8, 0x893cd200, 0x897f0000)
    ro space 8192K,  74% used [0x93ff0000, 0x945e8b48, 0x945e8c00, 0x947f0000)
    rw space 12288K,  58% used [0x947f0000, 0x94f03df0, 0x94f03e00, 0x953f0000)

Dynamic libraries:
06000000-0642a000 r-xp 00000000 08:02 309805     /usr/lib/jvm/java-6-sun-1.6.0.13/jre/lib/i386/client/libjvm.so
0642a000-06444000 rwxp 0042a000 08:02 309805     /usr/lib/jvm/java-6-sun-1.6.0.13/jre/lib/i386/client/libjvm.so
06444000-06864000 rwxp 06444000 00:00 0 
08048000-08052000 r-xp 00000000 08:02 309782     /usr/lib/jvm/java-6-sun-1.6.0.13/jre/bin/java
08052000-08053000 rwxp 00009000 08:02 309782     /usr/lib/jvm/java-6-sun-1.6.0.13/jre/bin/java
095d9000-0a757000 rwxp 095d9000 00:00 0          [heap]
6e5f0000-6ebf0000 rwxp 6e5f0000 00:00 0 
6ebf0000-704d0000 rwxp 6ebf0000 00:00 0 
704d0000-74bef000 rwxp 704d0000 00:00 0 
74bef000-877f0000 rwxp 74bef000 00:00 0 
877f0000-897f0000 rwxp 877f0000 00:00 0 
897f0000-93ff0000 rwxp 897f0000 00:00 0 
93ff0000-945e9000 r-xs 00001000 08:02 312939     /usr/lib/jvm/java-6-sun-1.6.0.13/jre/lib/i386/client/classes.jsa
945e9000-947f0000 rwxp 945e9000 00:00 0 
947f0000-94f04000 rwxp 005fa000 08:02 312939     /usr/lib/jvm/java-6-sun-1.6.0.13/jre/lib/i386/client/classes.jsa
94f04000-953f0000 rwxp 94f04000 00:00 0 
953f0000-954cc000 rwxp 00d0e000 08:02 312939     /usr/lib/jvm/java-6-sun-1.6.0.13/jre/lib/i386/client/classes.jsa
954cc000-957f0000 rwxp 954cc000 00:00 0 
957f0000-957f4000 r-xs 00dea000 08:02 312939     /usr/lib/jvm/java-6-sun-1.6.0.13/jre/lib/i386/client/classes.jsa
957f4000-95bf0000 rwxp 957f4000 00:00 0 
af0ff000-af102000 rwxp af0ff000 00:00 0 
af102000-af300000 rwxp af102000 00:00 0 
af300000-af3f9000 rwxp af300000 00:00 0 
af3f9000-af400000 ---p af3f9000 00:00 0 
af4f3000-af4f6000 rwxp af4f3000 00:00 0 
af4f6000-af6f4000 rwxp af4f6000 00:00 0 
af6f4000-af6f7000 rwxp af6f4000 00:00 0 
af6f7000-af8f5000 rwxp af6f7000 00:00 0 
af8f5000-af8f8000 rwxp af8f5000 00:00 0 
af8f8000-afaf6000 rwxp af8f8000 00:00 0 
afaf6000-afaf9000 rwxp afaf6000 00:00 0 
afaf9000-afcf7000 rwxp afaf9000 00:00 0 
afcf7000-afcfa000 rwxp afcf7000 00:00 0 
afcfa000-afef8000 rwxp afcfa000 00:00 0 
afef8000-afefb000 rwxp afef8000 00:00 0 
afefb000-b00f9000 rwxp afefb000 00:00 0 
b00f9000-b00fc000 rwxp b00f9000 00:00 0 
b00fc000-b02fa000 rwxp b00fc000 00:00 0 
b02fa000-b02fd000 rwxp b02fa000 00:00 0 
b02fd000-b04fb000 rwxp b02fd000 00:00 0 
b04fb000-b04fe000 rwxp b04fb000 00:00 0 
b04fe000-b06fc000 rwxp b04fe000 00:00 0 
b06fc000-b06ff000 rwxp b06fc000 00:00 0 
b06ff000-b08fd000 rwxp b06ff000 00:00 0 
b08fd000-b0900000 ---p b08fd000 00:00 0 
b0900000-b0afe000 rwxp b0900000 00:00 0 
b0afe000-b0b01000 ---p b0afe000 00:00 0 
b0b01000-b0cff000 rwxp b0b01000 00:00 0 
b0cff000-b0d02000 rwxp b0cff000 00:00 0 
b0d02000-b0f00000 rwxp b0d02000 00:00 0 
b0f00000-b0ffb000 rwxp b0f00000 00:00 0 
b0ffb000-b1000000 ---p b0ffb000 00:00 0 
b104a000-b104d000 ---p b104a000 00:00 0 
b104d000-b124b000 rwxp b104d000 00:00 0 
b1582000-b17d0000 rwxs 00000000 00:09 23494687   /SYSV00000000 (deleted)
b17d0000-b1896000 r-xp 00000000 08:02 238211     /usr/lib/jvm/java-6-sun-1.6.0.13/jre/lib/i386/libmlib_image.so
b1896000-b1897000 rwxp 000c5000 08:02 238211     /usr/lib/jvm/java-6-sun-1.6.0.13/jre/lib/i386/libmlib_image.so
b1897000-b18f7000 rwxs 00000000 00:09 23461916   /SYSV00000000 (deleted)
b1908000-b191a000 r-xp 00000000 08:02 147434     /lib/tls/i686/cmov/libresolv-2.9.so
b191a000-b191b000 r-xp 00011000 08:02 147434     /lib/tls/i686/cmov/libresolv-2.9.so
b191b000-b191c000 rwxp 00012000 08:02 147434     /lib/tls/i686/cmov/libresolv-2.9.so
b191c000-b191e000 rwxp b191c000 00:00 0 
b191e000-b1921000 rwxp b191e000 00:00 0 
b1921000-b1b1f000 rwxp b1921000 00:00 0 
b1b1f000-b1b22000 ---p b1b1f000 00:00 0 
b1b22000-b1d20000 rwxp b1b22000 00:00 0 
b1d3a000-b1d3d000 ---p b1d3a000 00:00 0 
b1d3d000-b1f3b000 rwxp b1d3d000 00:00 0 
b1f3b000-b1fd3000 r-xp 00000000 08:02 301164     /usr/share/fonts/truetype/ttf-dejavu/DejaVuSans.ttf
b1fd3000-b1ffb000 r-xp 00000000 08:02 121925     /usr/lib/gtk-2.0/2.10.0/engines/libclearlooks.so
b1ffb000-b1ffc000 r-xp 00027000 08:02 121925     /usr/lib/gtk-2.0/2.10.0/engines/libclearlooks.so
b1ffc000-b1ffd000 rwxp 00028000 08:02 121925     /usr/lib/gtk-2.0/2.10.0/engines/libclearlooks.so
b1ffd000-b201d000 r-xp 00000000 08:02 195524     /usr/lib/gtk-2.0/2.10.0/engines/libmurrine.so
b201d000-b201e000 r-xp 00020000 08:02 195524     /usr/lib/gtk-2.0/2.10.0/engines/libmurrine.so
b201e000-b201f000 rwxp 00021000 08:02 195524     /usr/lib/gtk-2.0/2.10.0/engines/libmurrine.so
b201f000-b210a000 r-xp 00000000 08:02 212518     /usr/lib/locale/en_CA.utf8/LC_COLLATE
b210a000-b212e000 r-xp 00000000 08:02 165151     /usr/lib/libexpat.so.1.5.2
b212e000-b2130000 r-xp 00023000 08:02 165151     /usr/lib/libexpat.so.1.5.2
b2130000-b2131000 rwxp 00025000 08:02 165151     /usr/lib/libexpat.so.1.5.2
b2131000-b2149000 r-xp 00000000 08:02 130184     /lib/libselinux.so.1
b2149000-b214a000 r-xp 00017000 08:02 130184     /lib/libselinux.so.1
b214a000-b214b000 rwxp 00018000 08:02 130184     /lib/libselinux.so.1
b214b000-b217b000 r-xp 00000000 08:02 130167     /lib/libpcre.so.3.12.1
b217b000-b217c000 r-xp 0002f000 08:02 130167     /lib/libpcre.so.3.12.1
b217c000-b217d000 rwxp 00030000 08:02 130167     /lib/libpcre.so.3.12.1
b217d000-b21a1000 r-xp 00000000 08:02 163606     /usr/lib/libpng12.so.0.27.0
b21a1000-b21a2000 r-xp 00023000 08:02 163606     /usr/lib/libpng12.so.0.27.0
b21a2000-b21a3000 rwxp 00024000 08:02 163606     /usr/lib/libpng12.so.0.27.0
b21a3000-b21b6000 r-xp 00000000 08:02 165801     /usr/lib/libdirect-1.0.so.0.1.0
b21b6000-b21b7000 r-xp 00012000 08:02 165801     /usr/lib/libdirect-1.0.so.0.1.0
b21b7000-b21b8000 rwxp 00013000 08:02 165801     /usr/lib/libdirect-1.0.so.0.1.0
b21b8000-b221c000 r-xp 00000000 08:02 165884     /usr/lib/libdirectfb-1.0.so.0.1.0
b221c000-b221d000 r-xp 00063000 08:02 165884     /usr/lib/libdirectfb-1.0.so.0.1.0
b221d000-b221e000 rwxp 00064000 08:02 165884     /usr/lib/libdirectfb-1.0.so.0.1.0
b221e000-b225e000 r-xp 00000000 08:02 164815     /usr/lib/libpixman-1.so.0.13.2
b225e000-b2260000 r-xp 0003f000 08:02 164815     /usr/lib/libpixman-1.so.0.13.2
b2260000-b2261000 rwxp 00041000 08:02 164815     /usr/lib/libpixman-1.so.0.13.2
b2261000-b2317000 r-xp 00000000 08:02 165384     /usr/lib/libglib-2.0.so.0.2000.1
b2317000-b2318000 r-xp 000b5000 08:02 165384     /usr/lib/libglib-2.0.so.0.2000.1
b2318000-b2319000 rwxp 000b6000 08:02 165384     /usr/lib/libglib-2.0.so.0.2000.1
b2319000-b2355000 r-xp 00000000 08:02 165387     /usr/lib/libgobject-2.0.so.0.2000.1
b2355000-b2356000 r-xp 0003b000 08:02 165387     /usr/lib/libgobject-2.0.so.0.2000.1
b2356000-b2357000 rwxp 0003c000 08:02 165387     /usr/lib/libgobject-2.0.so.0.2000.1
b2357000-b2382000 r-xp 00000000 08:02 165986     /usr/lib/libfontconfig.so.1.3.0
b2382000-b2383000 r-xp 0002a000 08:02 165986     /usr/lib/libfontconfig.so.1.3.0
b2383000-b2384000 rwxp 0002b000 08:02 165986     /usr/lib/libfontconfig.so.1.3.0
b2384000-b2398000 r-xp 00000000 08:02 130110     /lib/libz.so.1.2.3.3
b2398000-b2399000 r-xp 00013000 08:02 130110     /lib/libz.so.1.2.3.3
b2399000-b239a000 rwxp 00014000 08:02 130110     /lib/libz.so.1.2.3.3
b239a000-b240c000 r-xp 00000000 08:02 163470     /usr/lib/libfreetype.so.6.3.20
b240c000-b2410000 r-xp 00071000 08:02 163470     /usr/lib/libfreetype.so.6.3.20
b2410000-b2411000 rwxp 00075000 08:02 163470     /usr/lib/libfreetype.so.6.3.20
b2411000-b2451000 r-xp 00000000 08:02 164605     /usr/lib/libpango-1.0.so.0.2400.1
b2451000-b2452000 ---p 00040000 08:02 164605     /usr/lib/libpango-1.0.so.0.2400.1
b2452000-b2453000 r-xp 00040000 08:02 164605     /usr/lib/libpango-1.0.so.0.2400.1
b2453000-b2454000 rwxp 00041000 08:02 164605     /usr/lib/libpango-1.0.so.0.2400.1
b2454000-b247b000 r-xp 00000000 08:02 164626     /usr/lib/libpangoft2-1.0.so.0.2400.1
b247b000-b247c000 r-xp 00026000 08:02 164626     /usr/lib/libpangoft2-1.0.so.0.2400.1
b247c000-b247d000 rwxp 00027000 08:02 164626     /usr/lib/libpangoft2-1.0.so.0.2400.1
b247d000-b24e8000 r-xp 00000000 08:02 165323     /usr/lib/libgio-2.0.so.0.2000.1
b24e8000-b24e9000 ---p 0006b000 08:02 165323     /usr/lib/libgio-2.0.so.0.2000.1
b24e9000-b24ea000 r-xp 0006b000 08:02 165323     /usr/lib/libgio-2.0.so.0.2000.1
b24ea000-b24eb000 rwxp 0006c000 08:02 165323     /usr/lib/libgio-2.0.so.0.2000.1
b24eb000-b2562000 r-xp 00000000 08:02 164451     /usr/lib/libcairo.so.2.10800.6
b2562000-b2564000 r-xp 00076000 08:02 164451     /usr/lib/libcairo.so.2.10800.6
b2564000-b2565000 rwxp 00078000 08:02 164451     /usr/lib/libcairo.so.2.10800.6
b2565000-b257e000 r-xp 00000000 08:02 164700     /usr/lib/libatk-1.0.so.0.2609.1
b257e000-b257f000 r-xp 00019000 08:02 164700     /usr/lib/libatk-1.0.so.0.2609.1
b257f000-b2580000 rwxp 0001a000 08:02 164700     /usr/lib/libatk-1.0.so.0.2609.1
b2580000-b2598000 r-xp 00000000 08:02 162976     /usr/lib/libgdk_pixbuf-2.0.so.0.1600.1
b2598000-b2599000 r-xp 00017000 08:02 162976     /usr/lib/libgdk_pixbuf-2.0.so.0.1600.1
b2599000-b259a000 rwxp 00018000 08:02 162976     /usr/lib/libgdk_pixbuf-2.0.so.0.1600.1
b259a000-b2623000 r-xp 00000000 08:02 162968     /usr/lib/libgdk-x11-2.0.so.0.1600.1
b2623000-b2624000 ---p 00089000 08:02 162968     /usr/lib/libgdk-x11-2.0.so.0.1600.1
b2624000-b2626000 r-xp 00089000 08:02 162968     /usr/lib/libgdk-x11-2.0.so.0.1600.1
b2626000-b2627000 rwxp 0008b000 08:02 162968     /usr/lib/libgdk-x11-2.0.so.0.1600.1
b2627000-b29d0000 r-xp 00000000 08:02 162956     /usr/lib/libgtk-x11-2.0.so.0.1600.1
b29d0000-b29d4000 r-xp 003a8000 08:02 162956     /usr/lib/libgtk-x11-2.0.so.0.1600.1
b29d4000-b29d6000 rwxp 003ac000 08:02 162956     /usr/lib/libgtk-x11-2.0.so.0.1600.1
b29d6000-b29d8000 rwxp b29d6000 00:00 0 
b29ff000-b2a18000 r-xs 000f9000 08:03 820520     /home/tcolar/netbeans-6.7rc2/enterprise5/modules/org-netbeans-modules-websvc-wsitmodelext.jar
b2a18000-b2a26000 r-xs 0012c000 08:03 2013483    /home/tcolar/netbeans-6.7rc2/profiler3/modules/org-netbeans-lib-profiler-ui.jar
b2a33000-b2a42000 r-xs 0016a000 08:03 820703     /home/tcolar/netbeans-6.7rc2/enterprise5/modules/org-netbeans-modules-websvc-wsitconf.jar
b2a42000-b2a49000 r-xs 00084000 08:03 1471797    /home/tcolar/netbeans-6.7rc2/ide11/modules/org-netbeans-modules-glassfish-common.jar
b2a49000-b2a5a000 r-xs 002f8000 08:03 820555     /home/tcolar/netbeans-6.7rc2/enterprise5/modules/org-netbeans-modules-j2ee-sun-dd.jar
b2a5a000-b2a5f000 r-xs 00072000 08:03 1471778    /home/tcolar/netbeans-6.7rc2/ide11/modules/org-netbeans-modules-db-sql-visualeditor.jar
b2a5f000-b2a6c000 r-xs 000fb000 08:03 65869      /home/tcolar/netbeans-6.7rc2/platform10/modules/org-netbeans-api-visual.jar
b2a6c000-b2a70000 r-xs 00035000 08:03 1471887    /home/tcolar/netbeans-6.7rc2/ide11/modules/org-netbeans-modules-db-core.jar
b2a70000-b2a88000 r-xs 00116000 08:03 1702717    /home/tcolar/netbeans-6.7rc2/ide11/modules/ext/swingx-0.9.5.jar
b2a8a000-b2a91000 r-xs 0008c000 08:03 820367     /home/tcolar/netbeans-6.7rc2/enterprise5/modules/org-netbeans-modules-web-core-syntax.jar
b2a91000-b2a98000 r-xs 00131000 08:03 1896859    /home/tcolar/netbeans-6.7rc2/enterprise5/modules/org-netbeans-modules-j2ee-weblogic9.jar
b2aae000-b2ab6000 r-xs 000cd000 08:03 820549     /home/tcolar/netbeans-6.7rc2/enterprise5/modules/org-netbeans-modules-j2ee-sun-appsrv81.jar
b2ab6000-b2abe000 r-xs 000ff000 08:03 820669     /home/tcolar/netbeans-6.7rc2/enterprise5/modules/org-netbeans-modules-web-project.jar
b2abe000-b2ac5000 r-xs 00079000 08:03 1896860    /home/tcolar/netbeans-6.7rc2/enterprise5/modules/org-netbeans-modules-j2ee-common.jar
b2ac8000-b2ad3000 r-xs 00000000 08:02 327270     /var/cache/fontconfig/0f34bcd4b6ee430af32735b75db7f02b-x86.cache-2
b2ad3000-b2ad4000 r-xs 00000000 08:03 820608     /home/tcolar/netbeans-6.7rc2/enterprise5/modules/org-netbeans-modules-servletjspapi.jar
b2ad4000-b2ad6000 r-xs 0000f000 08:03 820296     /home/tcolar/netbeans-6.7rc2/enterprise5/modules/org-netbeans-modules-websvc-jaxwsapi.jar
b2ad7000-b2adf000 r-xs 000c4000 08:03 820397     /home/tcolar/netbeans-6.7rc2/enterprise5/modules/org-netbeans-modules-j2ee-sun-appsrv.jar
b2ae4000-b2aef000 r-xs 00084000 08:03 1702710    /home/tcolar/netbeans-6.7rc2/ide11/modules/ext/freemarker-2.3.8.jar
b2af7000-b2afe000 r-xs 0007a000 08:03 708836     /home/tcolar/netbeans-6.7rc2/java2/modules/org-netbeans-modules-dbschema.jar
b2b05000-b2b08000 r-xs 0001b000 08:03 820687     /home/tcolar/netbeans-6.7rc2/enterprise5/modules/org-netbeans-modules-j2ee-api-ejbmodule.jar
b2b0a000-b2b11000 r-xs 00000000 08:02 326695     /var/cache/fontconfig/6d41288fd70b0be22e8c3a91e032eec0-x86.cache-2
b2b11000-b2b13000 r-xs 00010000 08:03 820732     /home/tcolar/netbeans-6.7rc2/enterprise5/modules/org-netbeans-modules-web-fake.jar
b2b19000-b2b20000 r-xs 00000000 08:02 326725     /var/cache/fontconfig/d52a8644073d54c13679302ca1180695-x86.cache-2
b2b20000-b2b23000 r-xs 0001d000 08:03 708872     /home/tcolar/netbeans-6.7rc2/java2/modules/org-netbeans-modules-derby.jar
b2b23000-b2b24000 r-xs 00006000 08:03 1471901    /home/tcolar/netbeans-6.7rc2/ide11/modules/org-netbeans-modules-dbapi.jar
b2b24000-b2b26000 r-xs 00012000 08:03 1733807    /home/tcolar/netbeans-6.7rc2/ide11/modules/docs/org-netbeans-modules-db.jar
b2b29000-b2b38000 r-xs 00132000 08:03 1471915    /home/tcolar/netbeans-6.7rc2/ide11/modules/org-netbeans-modules-db.jar
b2b49000-b2b4b000 r-xs 00004000 08:03 820482     /home/tcolar/netbeans-6.7rc2/enterprise5/modules/ext/jsr88javax.jar
b2b4b000-b2b4c000 r-xs 00000000 08:03 820483     /home/tcolar/netbeans-6.7rc2/enterprise5/modules/org-netbeans-modules-j2eeapis.jar
b2b4e000-b2b5f000 r-xs 00138000 08:03 708667     /home/tcolar/netbeans-6.7rc2/java2/modules/org-netbeans-modules-debugger-jpda-ui.jar
b2b5f000-b2b60000 r-xs 00001000 08:03 708840     /home/tcolar/netbeans-6.7rc2/java2/modules/org-netbeans-modules-java-kit.jar
b2b6d000-b2b74000 r-xs 00091000 08:02 279652     /usr/lib/jvm/java-6-sun-1.6.0.13/jre/lib/jsse.jar
b2b74000-b2b75000 r-xs 00002000 08:03 708747     /home/tcolar/netbeans-6.7rc2/java2/modules/org-netbeans-modules-java-helpset.jar
b2b77000-b2b7a000 r-xs 00040000 08:03 1471870    /home/tcolar/netbeans-6.7rc2/ide11/modules/org-netbeans-modules-defaults.jar
b2b7a000-b2b7d000 r-xs 0001d000 08:03 1471847    /home/tcolar/netbeans-6.7rc2/ide11/modules/org-netbeans-modules-extbrowser.jar
b2b82000-b2b83000 r-xs 00000000 08:03 65853      /home/tcolar/netbeans-6.7rc2/platform10/modules/org-netbeans-modules-core-kit.jar
b2b84000-b2b8e000 r-xp 00000000 08:02 164618     /usr/lib/libpangocairo-1.0.so.0.2400.1
b2b8e000-b2b8f000 r-xp 00009000 08:02 164618     /usr/lib/libpangocairo-1.0.so.0.2400.1
b2b8f000-b2b90000 rwxp 0000a000 08:02 164618     /usr/lib/libpangocairo-1.0.so.0.2400.1
b2b90000-b2b92000 r-xs 00030000 08:03 65850      /home/tcolar/netbeans-6.7rc2/platform10/modules/org-netbeans-modules-settings.jar
b2b96000-b2b97000 r-xs 00001000 08:03 1619271    /home/tcolar/netbeans-6.7rc2/nb6.7/modules/locale/org-netbeans-modules-autoupdate-ui_nb.jar
b2b98000-b2b9f000 r-xp 00000000 08:02 165964     /usr/lib/libfusion-1.0.so.0.1.0
b2b9f000-b2ba0000 r-xp 00006000 08:02 165964     /usr/lib/libfusion-1.0.so.0.1.0
b2ba0000-b2ba1000 rwxp 00007000 08:02 165964     /usr/lib/libfusion-1.0.so.0.1.0
b2ba1000-b2ba2000 r-xs 0000e000 08:03 605089     /home/tcolar/netbeans-6.7rc2/nb6.7/modules/ext/locale/updater_nb.jar
b2ba2000-b2ba8000 r-xp 00000000 08:02 164276     /usr/lib/libxcb-render.so.0.0.0
b2ba8000-b2ba9000 r-xp 00005000 08:02 164276     /usr/lib/libxcb-render.so.0.0.0
b2ba9000-b2baa000 rwxp 00006000 08:02 164276     /usr/lib/libxcb-render.so.0.0.0
b2baa000-b2bb4000 r-xs 00054000 08:03 1733805    /home/tcolar/netbeans-6.7rc2/ide11/modules/docs/org-netbeans-modules-usersguide.jar
b2bb4000-b2bb6000 r-xs 00002000 08:03 1471854    /home/tcolar/netbeans-6.7rc2/ide11/modules/org-netbeans-modules-usersguide.jar
b2bb7000-b2bb9000 r-xp 00000000 08:02 187901     /usr/lib/pango/1.6.0/modules/pango-basic-fc.so
b2bb9000-b2bba000 r-xp 00001000 08:02 187901     /usr/lib/pango/1.6.0/modules/pango-basic-fc.so
b2bba000-b2bbb000 rwxp 00002000 08:02 187901     /usr/lib/pango/1.6.0/modules/pango-basic-fc.so
b2bbb000-b2bbc000 r-xs 0000f000 08:03 65855      /home/tcolar/netbeans-6.7rc2/platform10/modules/org-netbeans-modules-sendopts.jar
b2bbd000-b2bc1000 r-xs 00054000 08:03 1471903    /home/tcolar/netbeans-6.7rc2/ide11/modules/org-netbeans-modules-html.jar
b2bc1000-b2bc6000 r-xs 00051000 08:03 1471910    /home/tcolar/netbeans-6.7rc2/ide11/modules/org-netbeans-spi-palette.jar
b2bc6000-b2bc8000 r-xs 00016000 08:03 1471896    /home/tcolar/netbeans-6.7rc2/ide11/modules/org-netbeans-modules-image.jar
b2bc8000-b2bca000 r-xs 00005000 08:03 1471812    /home/tcolar/netbeans-6.7rc2/ide11/modules/org-netbeans-modules-languages-diff.jar
b2bcc000-b2bcf000 r-xs 0002d000 08:03 1471914    /home/tcolar/netbeans-6.7rc2/ide11/modules/org-netbeans-modules-xsl.jar
b2bcf000-b2bd5000 r-xs 0005c000 08:03 1702723    /home/tcolar/netbeans-6.7rc2/ide11/modules/ext/webserver.jar
b2bd5000-b2bd7000 r-xs 0000e000 08:03 1471856    /home/tcolar/netbeans-6.7rc2/ide11/modules/org-netbeans-modules-httpserver.jar
b2bda000-b2bdc000 r-xs 00010000 08:03 1702722    /home/tcolar/netbeans-6.7rc2/ide11/modules/ext/flute-1.3.jar
b2bdc000-b2bde000 r-xs 00002000 08:03 1702724    /home/tcolar/netbeans-6.7rc2/ide11/modules/ext/sac-1.3.jar
b2bde000-b2be7000 r-xs 00084000 08:03 820831     /home/tcolar/netbeans-6.7rc2/enterprise5/modules/docs/org-netbeans-modules-j2ee-platform.jar
b2be7000-b2bf6000 r-xs 000d1000 08:03 1702713    /home/tcolar/netbeans-6.7rc2/ide11/modules/ext/core-renderer.jar
b2bf6000-b2bf7000 r-xs 00001000 08:03 1471794    /home/tcolar/netbeans-6.7rc2/ide11/modules/org-netbeans-modules-web-flyingsaucer.jar
b2bf7000-b2bfe000 r-xs 00000000 08:02 326723     /var/cache/fontconfig/e13b20fdb08344e0e664864cc2ede53d-x86.cache-2
b2bfe000-b2c00000 r-xs 00019000 08:03 1471810    /home/tcolar/netbeans-6.7rc2/ide11/modules/org-netbeans-modules-languages-yaml.jar
b2c00000-b2c06000 r-xs 00000000 08:02 327271     /var/cache/fontconfig/945677eb7aeaf62f1d50efc3fb3ec7d8-x86.cache-2
b2c0c000-b2c0e000 r-xs 0001a000 08:03 1471795    /home/tcolar/netbeans-6.7rc2/ide11/modules/org-netbeans-modules-javascript-hints.jar
b2c11000-b2c16000 r-xs 000c4000 08:03 1471785    /home/tcolar/netbeans-6.7rc2/ide11/modules/org-netbeans-modules-javascript-editing.jar
b2c18000-b2c1c000 r-xs 00000000 08:02 326073     /var/cache/fontconfig/921a30a17f0be15c70ac14043cb7a739-x86.cache-2
b2c20000-b2c23000 r-xs 0005b000 08:03 1471805    /home/tcolar/netbeans-6.7rc2/ide11/modules/org-netbeans-modules-html-editor-lib.jar
b2c25000-b2c28000 r-xs 00000000 08:02 327269     /var/cache/fontconfig/6eb3985aa4124903f6ff08ba781cd364-x86.cache-2
b2c28000-b2c29000 r-xs 00006000 08:03 1471845    /home/tcolar/netbeans-6.7rc2/ide11/modules/org-netbeans-modules-html-lexer.jar
b2c29000-b2c2c000 r-xs 00012000 08:03 1471793    /home/tcolar/netbeans-6.7rc2/ide11/modules/org-netbeans-modules-editor-bookmarks.jar
b2c2c000-b2c2e000 r-xs 00022000 08:03 1471875    /home/tcolar/netbeans-6.7rc2/ide11/modules/org-netbeans-swing-dirchooser.jar
b2c2e000-b2c2f000 r-xs 00001000 08:03 1471779    /home/tcolar/netbeans-6.7rc2/ide11/modules/org-netbeans-modules-projectui-buildmenu.jar
b2c2f000-b2c38000 r-xs 000be000 08:03 1471860    /home/tcolar/netbeans-6.7rc2/ide11/modules/org-netbeans-modules-projectui.jar
b2c39000-b2c3c000 r-xs 00000000 08:02 326074     /var/cache/fontconfig/a755afe4a08bf5b97852ceb7400b47bc-x86.cache-2
b2c3c000-b2c3f000 r-xs 00023000 08:03 708750     /home/tcolar/netbeans-6.7rc2/java2/modules/org-netbeans-modules-ant-debugger.jar
b2c3f000-b2c40000 r-xs 0000e000 08:03 708680     /home/tcolar/netbeans-6.7rc2/java2/modules/org-netbeans-modules-java-source-ant.jar
b2c40000-b2c42000 r-xs 00000000 08:02 327268     /var/cache/fontconfig/ddc79d3ea06a7c6ffa86ede85f3bb5df-x86.cache-2
b2c42000-b2c44000 r-xs 0001d000 08:03 708810     /home/tcolar/netbeans-6.7rc2/java2/modules/org-netbeans-modules-java-debug.jar
b2c44000-b2c46000 r-xs 00000000 08:02 326077     /var/cache/fontconfig/c69f04ab05004e31a6d5e715764f16d8-x86.cache-2
b2c46000-b2c4c000 r-xs 0003f000 08:03 1702726    /home/tcolar/netbeans-6.7rc2/ide11/modules/ext/smack.jar
b2c4c000-b2c52000 r-xs 0007b000 08:03 1471855    /home/tcolar/netbeans-6.7rc2/ide11/modules/org-netbeans-modules-properties.jar
b2c52000-b2c54000 r-xs 00061000 08:03 708719     /home/tcolar/netbeans-6.7rc2/java2/modules/org-netbeans-modules-java-examples.jar
b2c54000-b2c5b000 r-xs 00094000 08:03 708907     /home/tcolar/netbeans-6.7rc2/java2/modules/ext/beansbinding-1.2.1.jar
b2c5b000-b2c5c000 r-xs 00000000 08:03 708885     /home/tcolar/netbeans-6.7rc2/java2/modules/org-jdesktop-beansbinding.jar
b2c5c000-b2c5e000 r-xs 00000000 08:02 326545     /var/cache/fontconfig/646addb8444faa74ee138aa00ab0b6a0-x86.cache-2
b2c5e000-b2c64000 r-xs 00034000 08:03 1195327    /home/tcolar/netbeans-6.7rc2/apisupport1/modules/docs/org-netbeans-modules-apisupport-project.jar
b2c65000-b2c6a000 r-xs 0004e000 08:03 1896861    /home/tcolar/netbeans-6.7rc2/enterprise5/modules/org-netbeans-modules-profiler-j2ee.jar
b2c6a000-b2c6d000 r-xs 00011000 08:03 708920     /home/tcolar/netbeans-6.7rc2/java2/modules/ext/jaxws21/http.jar
b2c6d000-b2c70000 r-xs 00000000 08:02 326072     /var/cache/fontconfig/9c0624108b9a2ae8552f664125be8356-x86.cache-2
b2c70000-b2c73000 r-xp 00000000 08:02 165509     /usr/lib/libxcb-render-util.so.0.0.0
b2c73000-b2c74000 r-xp 00002000 08:02 165509     /usr/lib/libxcb-render-util.so.0.0.0
b2c74000-b2c75000 rwxp 00003000 08:02 165509     /usr/lib/libxcb-render-util.so.0.0.0
b2c75000-b2c79000 r-xs 00026000 08:03 1702695    /home/tcolar/netbeans-6.7rc2/ide11/modules/ext/org.eclipse.mylyn.bugzilla.core_3.1.1.jar
b2c79000-b2c7a000 r-xs 00002000 08:03 708915     /home/tcolar/netbeans-6.7rc2/java2/modules/ext/jaxws21/stax-ex.jar
b2c7a000-b2c80000 r-xp 00000000 08:02 163434     /usr/lib/libXrandr.so.2.2.0
b2c80000-b2c81000 r-xp 00006000 08:02 163434     /usr/lib/libXrandr.so.2.2.0
b2c81000-b2c82000 rwxp 00007000 08:02 163434     /usr/lib/libXrandr.so.2.2.0
b2c82000-b2c88000 r-xs 000b3000 08:03 820838     /home/tcolar/netbeans-6.7rc2/enterprise5/modules/org-netbeans-modules-j2ee-ejbjarproject.jar
b2c88000-b2c8a000 r-xs 00000000 08:02 326406     /var/cache/fontconfig/20bd79ad97094406f7d1b9654bfbd926-x86.cache-2
b2c8a000-b2c8d000 r-xp 00000000 08:02 165386     /usr/lib/libgmodule-2.0.so.0.2000.1
b2c8d000-b2c8e000 r-xp 00002000 08:02 165386     /usr/lib/libgmodule-2.0.so.0.2000.1
b2c8e000-b2c8f000 rwxp 00003000 08:02 165386     /usr/lib/libgmodule-2.0.so.0.2000.1
b2c8f000-b2c94000 r-xs 00050000 08:03 820345     /home/tcolar/netbeans-6.7rc2/enterprise5/modules/org-netbeans-modules-websvc-manager.jar
b2c94000-b2c9a000 r-xs 00061000 08:03 1471832    /home/tcolar/netbeans-6.7rc2/ide11/modules/org-netbeans-modules-db-dataview.jar
b2c9a000-b2c9b000 r-xs 00003000 08:03 708703     /home/tcolar/netbeans-6.7rc2/java2/modules/org-netbeans-modules-websvc-jaxws21.jar
b2c9b000-b2c9d000 r-xs 00003000 08:03 936294     /home/tcolar/netbeans-6.7rc2/java2/modules/ext/jaxws21/api/saaj-api.jar
b2c9e000-b2ca0000 r-xs 00007000 08:03 936281     /home/tcolar/netbeans-6.7rc2/java2/modules/ext/jaxws21/api/jaxws-api.jar
b2ca0000-b2ca1000 r-xs 00001000 08:03 936183     /home/tcolar/netbeans-6.7rc2/java2/modules/ext/jaxws21/api/jsr181-api.jar
b2ca1000-b2ca3000 r-xs 00000000 08:03 708637     /home/tcolar/netbeans-6.7rc2/java2/modules/org-netbeans-modules-websvc-jaxws21api.jar
b2ca3000-b2ca5000 r-xs 00004000 08:03 1783404    /home/tcolar/netbeans-6.7rc2/ide11/modules/ext/jaxb/api/jsr173_api.jar
b2ca5000-b2ca8000 r-xs 00000000 08:02 326076     /var/cache/fontconfig/de156ccd2eddbdc19d37a45b8b2aac9c-x86.cache-2
b2ca8000-b2caa000 r-xs 0000e000 08:03 1733808    /home/tcolar/netbeans-6.7rc2/ide11/modules/ext/jaxb/activation.jar
b2caa000-b2cbc000 r-xs 000bd000 08:03 1733809    /home/tcolar/netbeans-6.7rc2/ide11/modules/ext/jaxb/jaxb-impl.jar
b2cbc000-b2cf6000 r-xs 002b9000 08:03 1733810    /home/tcolar/netbeans-6.7rc2/ide11/modules/ext/jaxb/jaxb-xjc.jar
b2cf6000-b2cf8000 r-xs 00002000 08:03 1471919    /home/tcolar/netbeans-6.7rc2/ide11/modules/org-netbeans-libs-jaxb.jar
b2cf8000-b2cf9000 r-xs 00002000 08:03 708681     /home/tcolar/netbeans-6.7rc2/java2/modules/org-netbeans-modules-j2ee-toplinklib.jar
b2cfa000-b2cfd000 r-xs 00019000 08:03 1471862    /home/tcolar/netbeans-6.7rc2/ide11/modules/org-netbeans-modules-xml-tools.jar
b2cfd000-b2d04000 r-xs 00058000 08:03 1441206    /home/tcolar/netbeans-6.7rc2/webcommon1/modules/org-netbeans-modules-web-client-tools-common.jar
b2d04000-b2d05000 r-xp 00000000 08:02 320452     /usr/share/locale-langpack/en_CA/LC_MESSAGES/glib20.mo
b2d0a000-b2d10000 r-xs 00069000 08:03 1471912    /home/tcolar/netbeans-6.7rc2/ide11/modules/org-netbeans-modules-xml.jar
b2d10000-b2d17000 r-xs 00094000 08:03 1471900    /home/tcolar/netbeans-6.7rc2/ide11/modules/org-netbeans-lib-cvsclient.jar
b2d17000-b2d1b000 r-xs 00040000 08:03 1471897    /home/tcolar/netbeans-6.7rc2/ide11/modules/org-netbeans-modules-kenai.jar
b2d1b000-b2d21000 r-xs 00076000 08:03 1471796    /home/tcolar/netbeans-6.7rc2/ide11/modules/org-netbeans-modules-xml-schema-model.jar
b2d21000-b2d28000 r-xs 00046000 08:03 1702699    /home/tcolar/netbeans-6.7rc2/ide11/modules/ext/org.eclipse.mylyn.tasks.core_3.1.1.jar
b2d28000-b2d2a000 r-xs 0001e000 08:03 1471800    /home/tcolar/netbeans-6.7rc2/ide11/modules/org-netbeans-modules-editor-structure.jar
b2d2a000-b2d36000 r-xs 000d6000 08:03 1471882    /home/tcolar/netbeans-6.7rc2/ide11/modules/org-netbeans-modules-csl-api.jar
b2d36000-b2d37000 r-xs 00000000 08:02 326075     /var/cache/fontconfig/fd9505950c048a77dc4b710eb6a628ed-x86.cache-2
b2d37000-b2d3d000 r-xs 0003e000 08:03 708888     /home/tcolar/netbeans-6.7rc2/java2/modules/ext/hibernate/cglib-2.1.3.jar
b2d3d000-b2d3f000 r-xs 00000000 08:03 708705     /home/tcolar/netbeans-6.7rc2/java2/modules/org-netbeans-modules-ant-browsetask.jar
b2d3f000-b2d40000 r-xs 00001000 08:03 708634     /home/tcolar/netbeans-6.7rc2/java2/modules/org-netbeans-modules-debugger-jpda-ant.jar
b2d40000-b2d47000 r-xs 00053000 08:03 708598     /home/tcolar/netbeans-6.7rc2/java2/modules/org-netbeans-modules-j2ee-persistenceapi.jar
b2d47000-b2d4c000 r-xs 0008f000 08:03 708869     /home/tcolar/netbeans-6.7rc2/java2/modules/org-netbeans-modules-junit.jar
b2d4c000-b2d4d000 r-xs 00005000 08:03 1471865    /home/tcolar/netbeans-6.7rc2/ide11/modules/org-netbeans-modules-gototest.jar
b2d4d000-b2d53000 r-xs 0002b000 08:03 1392298    /home/tcolar/netbeans-6.7rc2/platform10/modules/ext/junit-4.5.jar
b2d53000-b2d54000 r-xs 00000000 08:02 327274     /var/cache/fontconfig/e7071f4a29fa870f4323321c154eba04-x86.cache-2
b2d54000-b2d56000 r-xs 00000000 08:02 326569     /var/cache/fontconfig/da1bd5ca8443ffe22927a23ce431d198-x86.cache-2
b2d56000-b2d5b000 r-xs 00072000 08:03 820324     /home/tcolar/netbeans-6.7rc2/enterprise5/modules/org-netbeans-modules-maven-jaxws.jar
b2d5b000-b2d5f000 r-xs 00057000 08:03 820330     /home/tcolar/netbeans-6.7rc2/enterprise5/modules/org-netbeans-modules-maven-j2ee.jar
b2d5f000-b2d62000 r-xs 0004d000 08:03 706769     /home/tcolar/netbeans-6.7rc2/java2/modules/org-netbeans-modules-projectimport-eclipse-core.jar
b2d62000-b2d66000 r-xs 00044000 08:03 1880605    /home/tcolar/netbeans-6.7rc2/java2/modules/org-netbeans-modules-java-j2seplatform.jar
b2d66000-b2d6b000 r-xs 00065000 08:03 708887     /home/tcolar/netbeans-6.7rc2/java2/modules/ext/hibernate/antlr-2.7.6.jar
b2d6b000-b2d6c000 r-xs 00000000 08:02 327273     /var/cache/fontconfig/a2ab74764b07279e7c36ddb1d302cf26-x86.cache-2
b2d6c000-b2d6f000 r-xs 00025000 08:03 708780     /home/tcolar/netbeans-6.7rc2/java2/modules/org-netbeans-modules-maven-graph.jar
b2d6f000-b2d73000 r-xs 00041000 08:03 708756     /home/tcolar/netbeans-6.7rc2/java2/modules/org-netbeans-modules-ant-freeform.jar
b2d73000-b2d74000 r-xs 00000000 08:02 327277     /var/cache/fontconfig/4c73fe0c47614734b17d736dbde7580a-x86.cache-2
b2d74000-b2d77000 r-xp 00000000 08:02 321011     /usr/share/locale-langpack/en_CA/LC_MESSAGES/gtk20-properties.mo
b2d77000-b2d79000 r-xp 00000000 08:02 165157     /usr/lib/libXdamage.so.1.1.0
b2d79000-b2d7a000 rwxp 00001000 08:02 165157     /usr/lib/libXdamage.so.1.1.0
b2d7a000-b2d88000 r-xs 00189000 08:03 708786     /home/tcolar/netbeans-6.7rc2/java2/modules/org-netbeans-modules-java-editor.jar
b2d88000-b2d8a000 r-xs 00004000 08:03 708753     /home/tcolar/netbeans-6.7rc2/java2/modules/org-netbeans-modules-maven-search.jar
b2d8a000-b2d8c000 r-xs 00011000 08:03 708682     /home/tcolar/netbeans-6.7rc2/java2/modules/org-netbeans-modules-java-editor-lib.jar
b2d8c000-b2d8f000 r-xs 0003e000 08:03 1471777    /home/tcolar/netbeans-6.7rc2/ide11/modules/org-netbeans-modules-editor-codetemplates.jar
b2d8f000-b2d92000 r-xs 0002d000 08:03 1471877    /home/tcolar/netbeans-6.7rc2/ide11/modules/org-netbeans-spi-editor-hints.jar
b2d92000-b2d95000 r-xs 00033000 08:03 1471788    /home/tcolar/netbeans-6.7rc2/ide11/modules/org-netbeans-modules-editor-completion.jar
b2d95000-b2d98000 r-xs 0000e000 08:03 708554     /home/tcolar/netbeans-6.7rc2/java2/modules/ext/hibernate/hibernate-commons-annotations.jar
b2d98000-b2d9a000 r-xp 00000000 08:02 320498     /usr/share/locale-langpack/en_CA/LC_MESSAGES/gtk20.mo
b2d9a000-b2d9c000 r-xs 0001d000 08:03 820402     /home/tcolar/netbeans-6.7rc2/enterprise5/modules/org-netbeans-modules-websvc-metro-model.jar
b2d9c000-b2da0000 r-xs 00027000 08:03 820547     /home/tcolar/netbeans-6.7rc2/enterprise5/modules/docs/org-netbeans-modules-j2ee-sun-appsrv81.jar
b2da0000-b2da7000 r-xs 00074000 08:03 708679     /home/tcolar/netbeans-6.7rc2/java2/modules/org-netbeans-modules-java-navigation.jar
b2da7000-b2db2000 r-xs 00135000 08:03 708728     /home/tcolar/netbeans-6.7rc2/java2/modules/org-netbeans-modules-debugger-jpda.jar
b2db2000-b2db4000 r-xs 00000000 08:03 708822     /home/tcolar/netbeans-6.7rc2/java2/modules/org-netbeans-modules-maven-kit.jar
b2db4000-b2db5000 r-xs 00000000 08:03 708578     /home/tcolar/netbeans-6.7rc2/java2/modules/org-netbeans-modules-j2ee-persistence-kit.jar
b2db5000-b2db7000 r-xs 0001b000 08:03 708579     /home/tcolar/netbeans-6.7rc2/java2/modules/org-netbeans-modules-j2ee-jpa-refactoring.jar
b2db7000-b2dc3000 r-xs 00098000 08:03 1471879    /home/tcolar/netbeans-6.7rc2/ide11/modules/org-netbeans-spi-debugger-ui.jar
b2dc3000-b2dc5000 r-xs 00020000 08:03 708718     /home/tcolar/netbeans-6.7rc2/java2/modules/org-netbeans-modules-java-sourceui.jar
b2dc5000-b2dc9000 r-xs 0003d000 08:03 1471890    /home/tcolar/netbeans-6.7rc2/ide11/modules/org-netbeans-modules-jumpto.jar
b2dc9000-b2dcc000 r-xs 00043000 08:03 65873      /home/tcolar/netbeans-6.7rc2/platform10/modules/org-netbeans-core-ui.jar
b2dcc000-b2dce000 r-xs 00008000 08:03 820632     /home/tcolar/netbeans-6.7rc2/enterprise5/modules/org-netbeans-api-web-webmodule.jar
b2dce000-b2dcf000 r-xs 00000000 08:02 326726     /var/cache/fontconfig/4794a0821666d79190d59a36cb4f44b5-x86.cache-2
b2dcf000-b2dd1000 r-xp 00000000 08:02 165796     /usr/lib/libXcomposite.so.1.0.0
b2dd1000-b2dd2000 r-xp 00001000 08:02 165796     /usr/lib/libXcomposite.so.1.0.0
b2dd2000-b2dd3000 rwxp 00002000 08:02 165796     /usr/lib/libXcomposite.so.1.0.0
b2dd3000-b2dd5000 r-xp 00000000 08:02 166164     /usr/lib/libXinerama.so.1.0.0
b2dd5000-b2dd6000 rwxp 00001000 08:02 166164     /usr/lib/libXinerama.so.1.0.0
b2dd8000-b2dda000 r-xs 00008000 08:03 708804     /home/tcolar/netbeans-6.7rc2/java2/modules/org-netbeans-modules-hudson-ant.jar
b2dda000-b2ddc000 r-xs 00002000 08:03 2013466    /home/tcolar/netbeans-6.7rc2/profiler3/modules/org-netbeans-modules-profiler-j2ee-generic.jar
b2ddc000-b2de0000 r-xs 0002d000 08:03 1471830    /home/tcolar/netbeans-6.7rc2/ide11/modules/org-netbeans-modules-localhistory.jar
b2de0000-b2df7000 r-xs 0010b000 08:03 1702718    /home/tcolar/netbeans-6.7rc2/ide11/modules/ext/xerces-2.8.0.jar
b2df7000-b2df8000 r-xs 00000000 08:03 1471911    /home/tcolar/netbeans-6.7rc2/ide11/modules/org-netbeans-libs-xerces.jar
b2df8000-b2df9000 r-xp 00000000 08:02 211811     /usr/lib/locale/en_CA.utf8/LC_NUMERIC
b2df9000-b2dfa000 r-xp 00000000 08:02 212516     /usr/lib/locale/en_CA.utf8/LC_TIME
b2dfa000-b2dfe000 r-xs 00028000 08:03 1455768    /home/tcolar/netbeans-6.7rc2/websvccommon1/modules/org-netbeans-modules-websvc-saas-ui.jar
b2dfe000-b2dff000 r-xs 00000000 08:03 1471827    /home/tcolar/netbeans-6.7rc2/ide11/modules/org-netbeans-modules-tasklist-kit.jar
b2dff000-b2e01000 r-xs 00006000 08:03 1471780    /home/tcolar/netbeans-6.7rc2/ide11/modules/org-netbeans-modules-tasklist-projectint.jar
b2e01000-b2e03000 r-xs 0000b000 08:03 1471813    /home/tcolar/netbeans-6.7rc2/ide11/modules/org-netbeans-modules-tasklist-todo.jar
b2e03000-b2e06000 r-xs 00047000 08:03 820790     /home/tcolar/netbeans-6.7rc2/identity2/modules/org-netbeans-modules-identity-profile-ui.jar
b2e06000-b2e08000 r-xs 00003000 08:03 708902     /home/tcolar/netbeans-6.7rc2/java2/modules/ext/hibernate/asm-attrs.jar
b2e08000-b2e09000 r-xp 00000000 08:02 212520     /usr/lib/locale/en_CA.utf8/LC_MONETARY
b2e0c000-b2e0e000 r-xs 00000000 08:03 737098     /home/tcolar/netbeans-6.7rc2/apisupport1/modules/org-netbeans-modules-apisupport-ant.jar
b2e0e000-b2e10000 r-xs 0000a000 08:03 708806     /home/tcolar/netbeans-6.7rc2/java2/modules/docs/org-netbeans-modules-maven.jar
b2e10000-b2e24000 r-xs 001d1000 08:03 708870     /home/tcolar/netbeans-6.7rc2/java2/modules/org-netbeans-modules-maven.jar
b2e24000-b2e36000 r-xs 001fd000 08:03 708784     /home/tcolar/netbeans-6.7rc2/java2/modules/org-netbeans-modules-java-source.jar
b2e36000-b2e37000 r-xs 0000b000 08:03 708808     /home/tcolar/netbeans-6.7rc2/java2/modules/org-netbeans-modules-java-lexer.jar
b2e37000-b2e3b000 r-xs 0003b000 08:03 65851      /home/tcolar/netbeans-6.7rc2/platform10/modules/org-netbeans-modules-masterfs.jar
b2e3b000-b2e3c000 r-xs 00004000 08:03 706990     /home/tcolar/netbeans-6.7rc2/java2/modules/org-netbeans-modules-java-preprocessorbridge.jar
b2e3c000-b2e3d000 r-xs 00008000 08:03 1471905    /home/tcolar/netbeans-6.7rc2/ide11/modules/org-netbeans-spi-tasklist.jar
b2e3d000-b2e3e000 r-xs 00000000 08:03 737099     /home/tcolar/netbeans-6.7rc2/apisupport1/modules/org-netbeans-modules-apisupport-kit.jar
b2e3e000-b2e40000 r-xs 00008000 08:03 1471789    /home/tcolar/netbeans-6.7rc2/ide11/modules/org-netbeans-modules-properties-syntax.jar
b2e40000-b2e43000 r-xs 00019000 08:03 820821     /home/tcolar/netbeans-6.7rc2/enterprise5/modules/org-netbeans-modules-j2ee-ejbverification.jar
b2e43000-b2e45000 r-xs 00020000 08:03 820276     /home/tcolar/netbeans-6.7rc2/enterprise5/modules/org-netbeans-modules-websvc-metro-samples.jar
b2e45000-b2e46000 r-xs 00005000 08:03 1471884    /home/tcolar/netbeans-6.7rc2/ide11/modules/org-netbeans-libs-freemarker.jar
b2e46000-b2e4b000 r-xs 0004f000 08:03 2013477    /home/tcolar/netbeans-6.7rc2/profiler3/modules/org-netbeans-modules-profiler-attach.jar
b2e4b000-b2e4c000 r-xp 00000000 08:02 212522     /usr/lib/locale/en_CA.utf8/LC_MESSAGES/SYS_LC_MESSAGES
b2e4c000-b2e4d000 r-xp 00000000 08:02 211812     /usr/lib/locale/en_CA.utf8/LC_PAPER
b2e4d000-b2e52000 r-xs 0003d000 08:03 708662     /home/tcolar/netbeans-6.7rc2/java2/modules/org-netbeans-modules-maven-repository.jar
b2e52000-b2e56000 r-xs 0003b000 08:03 65841      /home/tcolar/netbeans-6.7rc2/platform10/modules/org-netbeans-modules-options-keymap.jar
b2e56000-b2e57000 r-xs 00011000 08:03 1471784    /home/tcolar/netbeans-6.7rc2/ide11/modules/org-netbeans-modules-editor-errorstripe.jar
b2e57000-b2e58000 r-xp 00000000 08:02 211667     /usr/lib/locale/en_CA.utf8/LC_NAME
b2e58000-b2e5e000 r-xs 00072000 08:03 1471833    /home/tcolar/netbeans-6.7rc2/ide11/modules/org-netbeans-modules-parsing-api.jar
b2e5e000-b2e61000 r-xs 00042000 08:03 1471770    /home/tcolar/netbeans-6.7rc2/ide11/modules/org-netbeans-modules-editor-settings-storage.jar
b2e61000-b2e69000 r-xs 00071000 08:03 1392297    /home/tcolar/netbeans-6.7rc2/platform10/modules/ext/jh-2.0_05.jar
b2e69000-b2e6a000 r-xp 00000000 08:02 212524     /usr/lib/locale/en_CA.utf8/LC_ADDRESS
b2e6a000-b2e6c000 r-xs 0000a000 08:03 2013472    /home/tcolar/netbeans-6.7rc2/profiler3/modules/org-netbeans-modules-profiler-j2ee-jboss.jar
b2e6c000-b2e73000 r-xs 00073000 08:03 708745     /home/tcolar/netbeans-6.7rc2/java2/modules/org-netbeans-modules-java-project.jar
b2e73000-b2e79000 r-xs 0003d000 08:03 708922     /home/tcolar/netbeans-6.7rc2/java2/modules/ext/cglib-2.2.jar
b2e79000-b2e7c000 r-xs 00020000 08:03 708723     /home/tcolar/netbeans-6.7rc2/java2/modules/org-netbeans-modules-java-platform.jar
b2e7c000-b2e7d000 r-xs 00004000 08:03 708908     /home/tcolar/netbeans-6.7rc2/java2/modules/org-netbeans-api-java.jar
b2e7d000-b2e81000 r-xs 00038000 08:03 1471791    /home/tcolar/netbeans-6.7rc2/ide11/modules/org-netbeans-modules-project-libraries.jar
b2e81000-b2e83000 r-xs 00017000 08:03 1471846    /home/tcolar/netbeans-6.7rc2/ide11/modules/org-netbeans-api-java-classpath.jar
b2e83000-b2e84000 r-xs 00003000 08:03 1471853    /home/tcolar/netbeans-6.7rc2/ide11/modules/org-netbeans-modules-db-drivers.jar
b2e84000-b2e88000 r-xs 00057000 08:03 1471867    /home/tcolar/netbeans-6.7rc2/ide11/modules/org-netbeans-modules-db-mysql.jar
b2e88000-b2e8a000 r-xs 00005000 08:03 708919     /home/tcolar/netbeans-6.7rc2/java2/modules/ext/hibernate/asm.jar
b2e8a000-b2e8b000 r-xs 00001000 08:03 65847      /home/tcolar/netbeans-6.7rc2/platform10/modules/org-netbeans-modules-templates.jar
b2e8b000-b2e8c000 r-xs 00008000 08:03 1392296    /home/tcolar/netbeans-6.7rc2/platform10/modules/ext/script-api.jar
b2e8c000-b2e8d000 r-xs 00000000 08:03 65867      /home/tcolar/netbeans-6.7rc2/platform10/modules/org-netbeans-libs-jsr223.jar
b2e8d000-b2e8f000 r-xs 0000b000 08:03 820789     /home/tcolar/netbeans-6.7rc2/identity2/modules/docs/org-netbeans-modules-identity-profile-ui.jar
b2e8f000-b2e91000 r-xs 00002000 08:03 2013473    /home/tcolar/netbeans-6.7rc2/profiler3/modules/org-netbeans-modules-profiler-utilities.jar
b2e91000-b2e92000 r-xp 00000000 08:02 212526     /usr/lib/locale/en_CA.utf8/LC_TELEPHONE
b2e92000-b2e95000 r-xs 0002b000 08:03 820796     /home/tcolar/netbeans-6.7rc2/identity2/modules/org-netbeans-modules-identity-profile-api.jar
b2e95000-b2e98000 r-xs 00048000 08:03 1471842    /home/tcolar/netbeans-6.7rc2/ide11/modules/org-netbeans-modules-versioning.jar
b2e98000-b2e9b000 r-xs 00024000 08:03 1471828    /home/tcolar/netbeans-6.7rc2/ide11/modules/org-netbeans-modules-extexecution.jar
b2e9b000-b2e9c000 r-xs 00002000 08:03 65840      /home/tcolar/netbeans-6.7rc2/platform10/modules/org-netbeans-api-annotations-common.jar
b2e9c000-b2e9d000 r-xs 00006000 08:03 65871      /home/tcolar/netbeans-6.7rc2/platform10/modules/org-openide-execution.jar
b2e9d000-b2ea0000 r-xs 0001a000 08:03 820808     /home/tcolar/netbeans-6.7rc2/identity2/modules/org-netbeans-modules-identity-server-manager.jar
b2ea0000-b2ea1000 r-xs 00009000 08:03 820270     /home/tcolar/netbeans-6.7rc2/enterprise5/modules/org-netbeans-modules-projectimport-eclipse-web.jar
b2ea1000-b2ea2000 r-xs 00018000 08:03 2013480    /home/tcolar/netbeans-6.7rc2/profiler3/modules/org-netbeans-lib-profiler-common.jar
b2ea2000-b2ea3000 r-xs 00000000 08:03 1619304    /home/tcolar/netbeans-6.7rc2/nb6.7/modules/locale/org-netbeans-core_nb.jar
b2ea3000-b2ea9000 r-xs 0007f000 08:03 65882      /home/tcolar/netbeans-6.7rc2/platform10/modules/org-netbeans-core.jar
b2ea9000-b2eac000 r-xs 0002e000 08:03 65868      /home/tcolar/netbeans-6.7rc2/platform10/modules/org-netbeans-swing-plaf.jar
b2eac000-b2ead000 r-xs 00000000 08:03 1619297    /home/tcolar/netbeans-6.7rc2/nb6.7/modules/locale/org-netbeans-spi-quicksearch_nb.jar
b2ead000-b2eb0000 r-xs 0001c000 08:03 65857      /home/tcolar/netbeans-6.7rc2/platform10/modules/org-netbeans-spi-quicksearch.jar
b2eb0000-b2eb4000 r-xs 0003a000 08:03 1471840    /home/tcolar/netbeans-6.7rc2/ide11/modules/org-netbeans-modules-xml-catalog.jar
b2eb4000-b2eb6000 r-xs 00014000 08:03 1702715    /home/tcolar/netbeans-6.7rc2/ide11/modules/ext/resolver-1.2.jar
b2eb6000-b2eb7000 r-xs 00003000 08:03 1471792    /home/tcolar/netbeans-6.7rc2/ide11/modules/org-netbeans-modules-utilities-project.jar
b2eb7000-b2ebf000 r-xs 00094000 08:03 1471892    /home/tcolar/netbeans-6.7rc2/ide11/modules/org-netbeans-modules-editor.jar
b2ebf000-b2ec1000 r-xs 00012000 08:03 1471820    /home/tcolar/netbeans-6.7rc2/ide11/modules/org-netbeans-modules-editor-indent.jar
b2ec1000-b2ec5000 r-xs 00041000 08:03 1455765    /home/tcolar/netbeans-6.7rc2/websvccommon1/modules/org-netbeans-modules-websvc-saas-codegen.jar
b2ec5000-b2ec9000 r-xs 00050000 08:03 1455766    /home/tcolar/netbeans-6.7rc2/websvccommon1/modules/org-netbeans-modules-websvc-saas-api.jar
b2ec9000-b2ece000 r-xs 00046000 08:03 708889     /home/tcolar/netbeans-6.7rc2/java2/modules/ext/hibernate/dom4j-1.6.1.jar
b2ece000-b2ed0000 r-xs 0000e000 08:03 2013470    /home/tcolar/netbeans-6.7rc2/profiler3/modules/org-netbeans-modules-profiler-j2ee-tomcat.jar
b2ed0000-b2ed2000 r-xs 00000000 08:03 1783408    /home/tcolar/netbeans-6.7rc2/harness/modules/org-netbeans-modules-apisupport-harness.jar
b2ed2000-b2ed4000 r-xs 00006000 08:03 708746     /home/tcolar/netbeans-6.7rc2/java2/modules/org-netbeans-modules-hudson-maven.jar
b2ed4000-b2ed6000 r-xs 0000e000 08:03 1455763    /home/tcolar/netbeans-6.7rc2/websvccommon1/modules/org-netbeans-modules-websvc-saas-services-yahoo.jar
b2ed6000-b2ed8000 r-xs 0022b000 08:03 708720     /home/tcolar/netbeans-6.7rc2/java2/modules/org-netbeans-modules-maven-indexer.jar
b2ed8000-b2edb000 r-xs 00020000 08:03 65859      /home/tcolar/netbeans-6.7rc2/platform10/modules/org-netbeans-core-multiview.jar
b2ee7000-b2ee9000 r-xs 00007000 08:03 65886      /home/tcolar/netbeans-6.7rc2/platform10/modules/org-openide-io.jar
b2ee9000-b2eeb000 r-xs 0001d000 08:03 820744     /home/tcolar/netbeans-6.7rc2/enterprise5/modules/org-netbeans-modules-websvc-editor-hints.jar
b2eeb000-b2eed000 r-xs 00013000 08:03 1471922    /home/tcolar/netbeans-6.7rc2/ide11/modules/org-netbeans-api-xml.jar
b2eed000-b2ef1000 r-xs 00033000 08:03 1471821    /home/tcolar/netbeans-6.7rc2/ide11/modules/org-netbeans-modules-projectuiapi.jar
b2ef1000-b2ef5000 r-xs 00032000 08:03 1471849    /home/tcolar/netbeans-6.7rc2/ide11/modules/org-netbeans-modules-projectapi.jar
b2ef5000-b2efd000 r-xs 00084000 08:03 708787     /home/tcolar/netbeans-6.7rc2/java2/modules/org-netbeans-modules-maven-model.jar
b2efd000-b2f00000 r-xs 0002c000 08:03 1471883    /home/tcolar/netbeans-6.7rc2/ide11/modules/org-netbeans-modules-xml-xam.jar
b2f00000-b2f01000 r-xs 00000000 08:03 820802     /home/tcolar/netbeans-6.7rc2/identity2/modules/org-netbeans-modules-identity-kit.jar
b2f01000-b2f02000 r-xp 00000000 08:02 211665     /usr/lib/locale/en_CA.utf8/LC_MEASUREMENT
b2f02000-b2f06000 r-xs 00090000 08:03 708838     /home/tcolar/netbeans-6.7rc2/java2/modules/org-netbeans-modules-swingapp.jar
b2f06000-b2f09000 r-xs 00036000 08:03 706895     /home/tcolar/netbeans-6.7rc2/java2/modules/org-netbeans-modules-websvc-saas-codegen-java.jar
b2f09000-b2f10000 r-xs 0007d000 08:03 1471866    /home/tcolar/netbeans-6.7rc2/ide11/modules/org-netbeans-modules-kenai-ui.jar
b2f10000-b2f12000 r-xs 0000e000 08:03 1702698    /home/tcolar/netbeans-6.7rc2/ide11/modules/ext/org.eclipse.mylyn.commons.net_3.1.1.jar
b2f12000-b2f13000 r-xs 00001000 08:03 708855     /home/tcolar/netbeans-6.7rc2/java2/modules/ext/hibernate/jdbc2_0-stdext.jar
b2f13000-b2f16000 r-xs 0000a000 08:03 708825     /home/tcolar/netbeans-6.7rc2/java2/modules/ext/hibernate/ejb3-persistence.jar
b2f16000-b2f18000 r-xs 00007000 08:03 1471803    /home/tcolar/netbeans-6.7rc2/ide11/modules/org-netbeans-modules-editor-settings.jar
b2f18000-b2f1c000 r-xs 00066000 08:03 1471899    /home/tcolar/netbeans-6.7rc2/ide11/modules/org-netbeans-modules-lexer.jar
b2f1c000-b2f1e000 r-xs 00005000 08:03 820573     /home/tcolar/netbeans-6.7rc2/enterprise5/modules/org-netbeans-modules-websvc-projectapi.jar
b2f1e000-b2f20000 r-xs 0001d000 08:03 820626     /home/tcolar/netbeans-6.7rc2/enterprise5/modules/org-netbeans-modules-websvc-utilities.jar
b2f20000-b2f23000 r-xs 00013000 08:03 1702712    /home/tcolar/netbeans-6.7rc2/ide11/modules/ext/svnjavahl-1.6.0.jar
b2f23000-b2f25000 r-xs 00011000 08:03 1702721    /home/tcolar/netbeans-6.7rc2/ide11/modules/ext/ini4j-0.4.1.jar
b2f25000-b2f27000 r-xs 00008000 08:03 820720     /home/tcolar/netbeans-6.7rc2/enterprise5/modules/org-netbeans-modules-j2ee-genericserver.jar
b2f27000-b2f2b000 r-xs 00026000 08:03 65879      /home/tcolar/netbeans-6.7rc2/platform10/modules/org-openide-actions.jar
b2f2b000-b2f2f000 r-xs 0004a000 08:03 65884      /home/tcolar/netbeans-6.7rc2/platform10/modules/org-openide-text.jar
b2f2f000-b2f31000 r-xs 0001b000 08:03 65877      /home/tcolar/netbeans-6.7rc2/platform10/modules/org-openide-windows.jar
b2f31000-b2f3d000 r-xs 00144000 08:03 65874      /home/tcolar/netbeans-6.7rc2/platform10/modules/org-openide-explorer.jar
b2f3d000-b2f40000 r-xs 000cb000 08:02 310211     /usr/lib/jvm/java-6-sun-1.6.0.13/jre/lib/ext/localedata.jar
b2f40000-b2f67000 r-xs 00402000 08:03 708883     /home/tcolar/netbeans-6.7rc2/java2/modules/org-netbeans-modules-form.jar
b2f67000-b2f69000 r-xs 0006d000 08:03 822002     /home/tcolar/NetBeansProjects/FanSuite/build/cluster/modules/net-colar-netbeans-fan.jar
b2f69000-b2f6a000 r-xs 00002000 08:03 820832     /home/tcolar/netbeans-6.7rc2/enterprise5/modules/org-netbeans-modules-j2ee-platform.jar
b2f6a000-b2f6c000 r-xs 0000a000 08:03 1702700    /home/tcolar/netbeans-6.7rc2/ide11/modules/ext/apache-commons-codec-1.3.jar
b2f6c000-b2f6f000 r-xs 00013000 08:03 820620     /home/tcolar/netbeans-6.7rc2/enterprise5/modules/org-netbeans-modules-websvc-wsstack-jaxws.jar
b2f6f000-b2f70000 r-xs 00013000 08:03 2013471    /home/tcolar/netbeans-6.7rc2/profiler3/modules/org-netbeans-modules-profiler-j2ee-sunas.jar
b2f70000-b2f71000 r-xs 0001a000 08:03 737093     /home/tcolar/netbeans-6.7rc2/apisupport1/modules/org-netbeans-modules-apisupport-refactoring.jar
b2f71000-b2f72000 r-xs 00000000 08:03 708839     /home/tcolar/netbeans-6.7rc2/java2/modules/org-netbeans-modules-form-kit.jar
b2f72000-b2f73000 r-xs 00019000 08:03 737095     /home/tcolar/netbeans-6.7rc2/apisupport1/modules/org-netbeans-modules-apisupport-paintapp.jar
b2f73000-b2f76000 r-xs 00017000 08:03 2013462    /home/tcolar/netbeans-6.7rc2/profiler3/modules/org-netbeans-modules-profiler-selector-java.jar
b2f76000-b2f79000 ---p b2f76000 00:00 0 
b2f79000-b3177000 rwxp b2f79000 00:00 0 
b3177000-b317a000 rwxp b3177000 00:00 0 
b317a000-b3378000 rwxp b317a000 00:00 0 
b3378000-b337b000 ---p b3378000 00:00 0 
b337b000-b3579000 rwxp b337b000 00:00 0 
b3579000-b357c000 ---p b3579000 00:00 0 
b357c000-b377a000 rwxp b357c000 00:00 0 
b377a000-b377d000 ---p b377a000 00:00 0 
b377d000-b397b000 rwxp b377d000 00:00 0 
b397b000-b397e000 ---p b397b000 00:00 0 
b397e000-b3b7c000 rwxp b397e000 00:00 0 
b3b7c000-b3b82000 r-xs 00000000 08:02 327271     /var/cache/fontconfig/945677eb7aeaf62f1d50efc3fb3ec7d8-x86.cache-2
b3b82000-b3b83000 r-xs 00000000 08:02 326075     /var/cache/fontconfig/fd9505950c048a77dc4b710eb6a628ed-x86.cache-2
b3b83000-b3b85000 r-xs 00000000 08:02 327268     /var/cache/fontconfig/ddc79d3ea06a7c6ffa86ede85f3bb5df-x86.cache-2
b3b85000-b3b86000 r-xs 00000000 08:02 327274     /var/cache/fontconfig/e7071f4a29fa870f4323321c154eba04-x86.cache-2
b3b86000-b3b87000 r-xs 00000000 08:02 327273     /var/cache/fontconfig/a2ab74764b07279e7c36ddb1d302cf26-x86.cache-2
b3b87000-b3b8b000 r-xs 00000000 08:02 326073     /var/cache/fontconfig/921a30a17f0be15c70ac14043cb7a739-x86.cache-2
b3b8b000-b3b8d000 r-xs 00000000 08:02 326077     /var/cache/fontconfig/c69f04ab05004e31a6d5e715764f16d8-x86.cache-2
b3b8d000-b3b90000 r-xs 00000000 08:02 327269     /var/cache/fontconfig/6eb3985aa4124903f6ff08ba781cd364-x86.cache-2
b3b90000-b3b91000 r-xs 00000000 08:02 327277     /var/cache/fontconfig/4c73fe0c47614734b17d736dbde7580a-x86.cache-2
b3b91000-b3b93000 r-xs 00000000 08:02 326545     /var/cache/fontconfig/646addb8444faa74ee138aa00ab0b6a0-x86.cache-2
b3b93000-b3b96000 r-xs 00000000 08:02 326074     /var/cache/fontconfig/a755afe4a08bf5b97852ceb7400b47bc-x86.cache-2
b3b96000-b3b98000 r-xs 00000000 08:02 326406     /var/cache/fontconfig/20bd79ad97094406f7d1b9654bfbd926-x86.cache-2
b3b98000-b3b9b000 r-xs 00000000 08:02 326072     /var/cache/fontconfig/9c0624108b9a2ae8552f664125be8356-x86.cache-2
b3b9b000-b3ba2000 r-xs 00000000 08:02 326695     /var/cache/fontconfig/6d41288fd70b0be22e8c3a91e032eec0-x86.cache-2
b3ba2000-b3ba5000 r-xs 00000000 08:02 326076     /var/cache/fontconfig/de156ccd2eddbdc19d37a45b8b2aac9c-x86.cache-2
b3ba5000-b3ba7000 r-xs 00000000 08:02 326569     /var/cache/fontconfig/da1bd5ca8443ffe22927a23ce431d198-x86.cache-2
b3ba7000-b3bb2000 r-xs 00000000 08:02 327270     /var/cache/fontconfig/0f34bcd4b6ee430af32735b75db7f02b-x86.cache-2
b3bb2000-b3bb3000 r-xs 00000000 08:03 1471909    /home/tcolar/netbeans-6.7rc2/ide11/modules/org-netbeans-libs-lucene.jar
b3bb3000-b3bb4000 r-xs 00009000 08:03 65858      /home/tcolar/netbeans-6.7rc2/platform10/modules/org-netbeans-modules-queries.jar
b3bb4000-b3bb9000 r-xs 0004d000 08:03 708575     /home/tcolar/netbeans-6.7rc2/java2/modules/org-netbeans-modules-j2ee-jpa-verification.jar
b3bb9000-b3bbb000 r-xs 0002a000 08:03 65862      /home/tcolar/netbeans-6.7rc2/platform10/modules/org-netbeans-swing-outline.jar
b3bbb000-b3bbc000 r-xs 00002000 08:03 820697     /home/tcolar/netbeans-6.7rc2/enterprise5/modules/org-netbeans-modules-web-helpset.jar
b3bbc000-b3bbd000 r-xs 00007000 08:03 820675     /home/tcolar/netbeans-6.7rc2/enterprise5/modules/org-netbeans-modules-jsp-lexer.jar
b3bbd000-b3bbe000 r-xs 00000000 08:03 1537143    /home/tcolar/netbeans-6.7rc2/nb6.7/modules/org-netbeans-modules-ide-branding-kit.jar
b3bbe000-b3bbf000 r-xs 00001000 08:03 708918     /home/tcolar/netbeans-6.7rc2/java2/modules/ext/hibernate/jta.jar
b3bbf000-b3bc2000 r-xs 00025000 08:03 708702     /home/tcolar/netbeans-6.7rc2/java2/modules/org-netbeans-modules-maven-embedder.jar
b3bc4000-b3bc6000 r-xs 00004000 08:03 1471822    /home/tcolar/netbeans-6.7rc2/ide11/modules/org-netbeans-modules-hudson-kenai.jar
b3bc6000-b3bc7000 r-xs 00000000 08:03 1471917    /home/tcolar/netbeans-6.7rc2/ide11/modules/org-netbeans-libs-smack.jar
b3bc7000-b3bc8000 r-xs 00000000 08:03 65880      /home/tcolar/netbeans-6.7rc2/platform10/modules/org-jdesktop-layout.jar
b3bc8000-b3bc9000 r-xs 00002000 08:03 1471816    /home/tcolar/netbeans-6.7rc2/ide11/modules/org-netbeans-libs-svnClientAdapter.jar
b3bc9000-b3bca000 r-xs 00000000 08:03 1471844    /home/tcolar/netbeans-6.7rc2/ide11/modules/org-netbeans-libs-commons_codec.jar
b3bca000-b3bcc000 r-xs 00004000 08:03 1702697    /home/tcolar/netbeans-6.7rc2/ide11/modules/ext/org.eclipse.mylyn.commons.core_3.1.1.jar
b3bcc000-b3bcd000 r-xs 00002000 08:03 708751     /home/tcolar/netbeans-6.7rc2/java2/modules/org-netbeans-libs-springframework.jar
b3bce000-b3bda000 r-xs 00169000 08:03 65865      /home/tcolar/netbeans-6.7rc2/platform10/modules/org-netbeans-core-windows.jar
b3be3000-b3bf2000 r-xs 00189000 08:03 1471843    /home/tcolar/netbeans-6.7rc2/ide11/modules/org-netbeans-modules-editor-lib.jar
b3bf5000-b3bfa000 r-xs 00059000 08:03 65885      /home/tcolar/netbeans-6.7rc2/platform10/modules/org-openide-awt.jar
b3bfa000-b3bff000 r-xs 00078000 08:03 1471859    /home/tcolar/netbeans-6.7rc2/ide11/modules/org-netbeans-modules-utilities.jar
b3bff000-b3c0b000 r-xs 00095000 08:03 1702708    /home/tcolar/netbeans-6.7rc2/ide11/modules/ext/lucene-core-2.3.2.jar
b3c0b000-b3c10000 r-xs 00053000 08:03 1471837    /home/tcolar/netbeans-6.7rc2/ide11/modules/org-netbeans-modules-editor-lib2.jar
b3c13000-b3c18000 r-xs 0007f000 08:03 65838      /home/tcolar/netbeans-6.7rc2/platform10/modules/org-netbeans-modules-autoupdate-services.jar
b3c18000-b3c1d000 r-xs 00095000 08:03 1341982    /home/tcolar/netbeans-6.7rc2/platform10/core/core.jar
b3c1d000-b3c30000 r-xp 00000000 08:02 463339     /tmp/jna2864409854431467292.tmp
b3c30000-b3c31000 rwxp 00013000 08:02 463339     /tmp/jna2864409854431467292.tmp
b3c32000-b3c37000 r-xp 00000000 08:02 147426     /lib/tls/i686/cmov/libnss_dns-2.9.so
b3c37000-b3c38000 r-xp 00004000 08:02 147426     /lib/tls/i686/cmov/libnss_dns-2.9.so
b3c38000-b3c39000 rwxp 00005000 08:02 147426     /lib/tls/i686/cmov/libnss_dns-2.9.so
b3c3e000-b3c44000 r-xp 00000000 08:02 238203     /usr/lib/jvm/java-6-sun-1.6.0.13/jre/lib/i386/libmanagement.so
b3c44000-b3c45000 rwxp 00005000 08:02 238203     /usr/lib/jvm/java-6-sun-1.6.0.13/jre/lib/i386/libmanagement.so
b3c46000-b3c49000 r-xs 00018000 08:03 1471783    /home/tcolar/netbeans-6.7rc2/ide11/modules/org-netbeans-modules-bugtracking-bridge.jar
b3c49000-b3c4d000 r-xs 000a1000 08:03 1471834    /home/tcolar/netbeans-6.7rc2/ide11/modules/org-netbeans-modules-html-editor.jar
b3c4d000-b3c53000 r-xs 000f4000 08:03 1471906    /home/tcolar/netbeans-6.7rc2/ide11/modules/org-mozilla-rhino-patched.jar
b3c53000-b3c55000 r-xs 00028000 08:03 65878      /home/tcolar/netbeans-6.7rc2/platform10/modules/org-openide-dialogs.jar
b3c58000-b3c5a000 r-xs 00003000 08:03 706718     /home/tcolar/netbeans-6.7rc2/java2/modules/org-netbeans-modules-projectimport-eclipse-j2se.jar
b3c5a000-b3c5b000 r-xs 00000000 08:03 1441225    /home/tcolar/netbeans-6.7rc2/webcommon1/modules/org-netbeans-modules-web-client-tools-kit.jar
b3c5b000-b3c5c000 r-xs 00000000 08:03 1537137    /home/tcolar/netbeans-6.7rc2/nb6.7/modules/org-netbeans-modules-uihandler-exceptionreporter.jar
b3c5c000-b3c5d000 r-xs 00004000 08:03 2013475    /home/tcolar/netbeans-6.7rc2/profiler3/modules/org-netbeans-modules-profiler-nbmodule.jar
b3c5d000-b3c5e000 r-xs 0000c000 08:03 1455757    /home/tcolar/netbeans-6.7rc2/websvccommon1/modules/org-netbeans-modules-websvc-saas-services-twitter.jar
b3c5e000-b3c5f000 r-xs 00000000 08:03 1441230    /home/tcolar/netbeans-6.7rc2/webcommon1/modules/org-netbeans-modules-web-client-tools-firefox-extension.jar
b3c5f000-b3c60000 r-xs 0000f000 08:03 1537151    /home/tcolar/netbeans-6.7rc2/nb6.7/modules/org-netbeans-lib-uihandler.jar
b3c60000-b3c61000 r-xs 0000a000 08:03 1537145    /home/tcolar/netbeans-6.7rc2/nb6.7/modules/org-netbeans-modules-registration.jar
b3c61000-b3c64000 r-xs 00047000 08:03 1537150    /home/tcolar/netbeans-6.7rc2/nb6.7/modules/org-netbeans-modules-reglib.jar
b3c64000-b3c68000 r-xs 0005e000 08:03 1537149    /home/tcolar/netbeans-6.7rc2/nb6.7/modules/org-netbeans-modules-welcome.jar
b3c68000-b3c6a000 r-xs 0000c000 08:03 65837      /home/tcolar/netbeans-6.7rc2/platform10/modules/org-netbeans-modules-editor-mimelookup-impl.jar
b3c6a000-b3c72000 r-xp 00000000 08:02 164216     /usr/lib/libXrender.so.1.3.0
b3c72000-b3c73000 r-xp 00007000 08:02 164216     /usr/lib/libXrender.so.1.3.0
b3c73000-b3c74000 rwxp 00008000 08:02 164216     /usr/lib/libXrender.so.1.3.0
b3c74000-b3c7c000 r-xp 00000000 08:02 164009     /usr/lib/libXcursor.so.1.0.2
b3c7c000-b3c7d000 rwxp 00007000 08:02 164009     /usr/lib/libXcursor.so.1.0.2
b3c7d000-b3c7f000 r-xs 00000000 08:03 708861     /home/tcolar/netbeans-6.7rc2/java2/modules/org-netbeans-libs-javacimpl.jar
b3c7f000-b3c84000 r-xs 0001a000 08:03 708897     /home/tcolar/netbeans-6.7rc2/java2/modules/ext/javac-api-nb-7.0-b07.jar
b3c84000-b3c8b000 r-xs 00110000 08:02 238238     /usr/lib/jvm/java-6-sun-1.6.0.13/jre/lib/resources.jar
b3c8b000-b3c92000 r-xp 00000000 08:02 238202     /usr/lib/jvm/java-6-sun-1.6.0.13/jre/lib/i386/libnio.so
b3c92000-b3c93000 rwxp 00006000 08:02 238202     /usr/lib/jvm/java-6-sun-1.6.0.13/jre/lib/i386/libnio.so
b3c93000-b3c96000 ---p b3c93000 00:00 0 
b3c96000-b3e94000 rwxp b3c96000 00:00 0 
b3e94000-b3f13000 r-xp 00000000 08:02 238214     /usr/lib/jvm/java-6-sun-1.6.0.13/jre/lib/i386/libfontmanager.so
b3f13000-b3f1e000 rwxp 0007e000 08:02 238214     /usr/lib/jvm/java-6-sun-1.6.0.13/jre/lib/i386/libfontmanager.so
b3f1e000-b3f22000 rwxp b3f1e000 00:00 0 
b3f22000-b3f26000 r-xp 00000000 08:02 165211     /usr/lib/libXdmcp.so.6.0.0
b3f26000-b3f27000 rwxp 00003000 08:02 165211     /usr/lib/libXdmcp.so.6.0.0
b3f27000-b3f3f000 r-xp 00000000 08:02 163532     /usr/lib/libxcb.so.1.1.0
b3f3f000-b3f40000 r-xp 00017000 08:02 163532     /usr/lib/libxcb.so.1.1.0
b3f40000-b3f41000 rwxp 00018000 08:02 163532     /usr/lib/libxcb.so.1.1.0
b3f41000-b3f43000 r-xp 00000000 08:02 163403     /usr/lib/libXau.so.6.0.0
b3f43000-b3f44000 r-xp 00001000 08:02 163403     /usr/lib/libXau.so.6.0.0
b3f44000-b3f45000 rwxp 00002000 08:02 163403     /usr/lib/libXau.so.6.0.0
b3f45000-b3f4d000 r-xp 00000000 08:02 162892     /usr/lib/libXi.so.6.0.0
b3f4d000-b3f4e000 r-xp 00007000 08:02 162892     /usr/lib/libXi.so.6.0.0
b3f4e000-b3f4f000 rwxp 00008000 08:02 162892     /usr/lib/libXi.so.6.0.0
b3f4f000-b3f53000 r-xp 00000000 08:02 164305     /usr/lib/libXtst.so.6.1.0
b3f53000-b3f54000 r-xp 00004000 08:02 164305     /usr/lib/libXtst.so.6.1.0
b3f54000-b3f55000 rwxp 00005000 08:02 164305     /usr/lib/libXtst.so.6.1.0
b3f55000-b403f000 r-xp 00000000 08:02 162882     /usr/lib/libX11.so.6.2.0
b403f000-b4040000 ---p 000ea000 08:02 162882     /usr/lib/libX11.so.6.2.0
b4040000-b4041000 r-xp 000ea000 08:02 162882     /usr/lib/libX11.so.6.2.0
b4041000-b4043000 rwxp 000eb000 08:02 162882     /usr/lib/libX11.so.6.2.0
b4043000-b4044000 rwxp b4043000 00:00 0 
b4044000-b4052000 r-xp 00000000 08:02 163995     /usr/lib/libXext.so.6.4.0
b4052000-b4053000 r-xp 0000d000 08:02 163995     /usr/lib/libXext.so.6.4.0
b4053000-b4054000 rwxp 0000e000 08:02 163995     /usr/lib/libXext.so.6.4.0
b4054000-b4055000 r-xs 00005000 08:03 65839      /home/tcolar/netbeans-6.7rc2/platform10/modules/org-netbeans-modules-editor-mimelookup.jar
b4055000-b4056000 r-xs 00002000 08:03 708868     /home/tcolar/netbeans-6.7rc2/java2/modules/org-netbeans-libs-javacapi.jar
b4056000-b405a000 r-xp 00000000 08:02 164019     /usr/lib/libXfixes.so.3.1.0
b405a000-b405b000 rwxp 00003000 08:02 164019     /usr/lib/libXfixes.so.3.1.0
b405b000-b405c000 r-xs 00000000 08:02 326726     /var/cache/fontconfig/4794a0821666d79190d59a36cb4f44b5-x86.cache-2
b405c000-b4063000 r-xs 00000000 08:02 326725     /var/cache/fontconfig/d52a8644073d54c13679302ca1180695-x86.cache-2
b4063000-b406a000 r-xs 00000000 08:02 326723     /var/cache/fontconfig/e13b20fdb08344e0e664864cc2ede53d-x86.cache-2
b406a000-b40ad000 r-xp 00000000 08:02 309810     /usr/lib/jvm/java-6-sun-1.6.0.13/jre/lib/i386/xawt/libmawt.so
b40ad000-b40b0000 rwxp 00042000 08:02 309810     /usr/lib/jvm/java-6-sun-1.6.0.13/jre/lib/i386/xawt/libmawt.so
b40b0000-b4134000 r-xp 00000000 08:02 238212     /usr/lib/jvm/java-6-sun-1.6.0.13/jre/lib/i386/libawt.so
b4134000-b413b000 rwxp 00084000 08:02 238212     /usr/lib/jvm/java-6-sun-1.6.0.13/jre/lib/i386/libawt.so
b413b000-b415f000 rwxp b413b000 00:00 0 
b415f000-b4162000 ---p b415f000 00:00 0 
b4162000-b4360000 rwxp b4162000 00:00 0 
b4360000-b4363000 rwxp b4360000 00:00 0 
b4363000-b4561000 rwxp b4363000 00:00 0 
b4561000-b4564000 ---p b4561000 00:00 0 
b4564000-b4762000 rwxp b4564000 00:00 0 
b4762000-b4765000 ---p b4762000 00:00 0 
b4765000-b4afe000 rwxp b4765000 00:00 0 
b4afe000-b4b11000 r-xp 00000000 08:02 238201     /usr/lib/jvm/java-6-sun-1.6.0.13/jre/lib/i386/libnet.so
b4b11000-b4b12000 rwxp 00013000 08:02 238201     /usr/lib/jvm/java-6-sun-1.6.0.13/jre/lib/i386/libnet.so
b4b12000-b4b70000 r-xs 00b8c000 08:02 238186     /usr/lib/jvm/java-6-sun-1.6.0.13/lib/tools.jar
b4b70000-b4b76000 r-xs 0001e000 08:02 238184     /usr/lib/jvm/java-6-sun-1.6.0.13/lib/dt.jar
b4b76000-b4b77000 r-xs 00001000 08:03 1471711    /home/tcolar/netbeans-6.7rc2/platform10/lib/locale/org-openide-util_zh_CN.jar
b4b77000-b4b79000 r-xs 00000000 08:03 1471712    /home/tcolar/netbeans-6.7rc2/platform10/lib/locale/org-openide-util_pt_BR.jar
b4b79000-b4b7a000 r-xs 00001000 08:03 1471714    /home/tcolar/netbeans-6.7rc2/platform10/lib/locale/org-openide-util_ja.jar
b4b7a000-b4b7b000 r-xs 00000000 08:03 1471710    /home/tcolar/netbeans-6.7rc2/platform10/lib/locale/org-openide-modules_zh_CN.jar
b4b7b000-b4b7c000 r-xs 00000000 08:03 1471707    /home/tcolar/netbeans-6.7rc2/platform10/lib/locale/org-openide-modules_pt_BR.jar
b4b7c000-b4b7d000 r-xs 00000000 08:03 1471713    /home/tcolar/netbeans-6.7rc2/platform10/lib/locale/org-openide-modules_ja.jar
b4b7d000-b4b7e000 r-xs 00000000 08:03 1471715    /home/tcolar/netbeans-6.7rc2/platform10/lib/locale/boot_zh_CN.jar
b4b7e000-b4b81000 rwxp b4b7e000 00:00 0 
b4b81000-b4d7f000 rwxp b4b81000 00:00 0 
b4d7f000-b4d80000 r-xs 00039000 08:03 1669025    /home/tcolar/netbeans-6.7rc2/nb6.7/core/locale/core_nb.jar
b4d80000-b4d81000 r-xs 00000000 08:03 1471916    /home/tcolar/netbeans-6.7rc2/ide11/modules/org-netbeans-libs-ini4j.jar
b4d81000-b4d82000 r-xs 00000000 08:03 1669021    /home/tcolar/netbeans-6.7rc2/nb6.7/core/locale/org-netbeans-upgrader_ja.jar
b4d82000-b4d83000 r-xs 00000000 08:03 1896862    /home/tcolar/netbeans-6.7rc2/enterprise5/modules/org-netbeans-modules-web-kit.jar
b4d83000-b4d84000 r-xs 00000000 08:03 1669024    /home/tcolar/netbeans-6.7rc2/nb6.7/core/locale/core_nb_ja.jar
b4d84000-b4d85000 r-xs 00000000 08:03 1669022    /home/tcolar/netbeans-6.7rc2/nb6.7/core/locale/core_nb_pt_BR.jar
b4d85000-b4d86000 r-xs 00000000 08:03 1669019    /home/tcolar/netbeans-6.7rc2/nb6.7/core/locale/org-netbeans-upgrader_zh_CN.jar
b4d86000-b4d89000 r-xs 00043000 08:03 1652625    /home/tcolar/netbeans-6.7rc2/nb6.7/core/org-netbeans-upgrader.jar
b4d89000-b4d8a000 r-xs 00001000 08:03 1341808    /home/tcolar/netbeans-6.7rc2/platform10/core/locale/org-openide-filesystems_pt_BR.jar
b4d8a000-b4d8b000 r-xs 00001000 08:03 1341947    /home/tcolar/netbeans-6.7rc2/platform10/core/locale/core_pt_BR.jar
b4d8b000-b4d8c000 r-xs 00001000 08:03 1341816    /home/tcolar/netbeans-6.7rc2/platform10/core/locale/org-openide-filesystems_zh_CN.jar
b4d8c000-b4d8d000 r-xp 00000000 08:02 212528     /usr/lib/locale/en_CA.utf8/LC_IDENTIFICATION
b4d8d000-b4d8e000 r-xs 00001000 08:03 1341820    /home/tcolar/netbeans-6.7rc2/platform10/core/locale/org-openide-filesystems_ja.jar
b4d8e000-b4d8f000 r-xs 00001000 08:03 1341980    /home/tcolar/netbeans-6.7rc2/platform10/core/locale/core_zh_CN.jar
b4d8f000-b4d90000 r-xs 00002000 08:03 820778     /home/tcolar/netbeans-6.7rc2/identity2/modules/org-netbeans-modules-identity-ant.jar
b4d90000-b4d91000 r-xs 00000000 08:03 821984     /home/tcolar/NetBeansProjects/FanSuite/build/cluster/modules/org-antlr-runtime.jar
b4d91000-b4d92000 r-xs 00007000 08:03 708635     /home/tcolar/netbeans-6.7rc2/java2/modules/org-netbeans-modules-maven-persistence.jar
b4d92000-b4d93000 r-xs 00004000 08:03 1537144    /home/tcolar/netbeans-6.7rc2/nb6.7/modules/org-netbeans-modules-updatecenters.jar
b4d93000-b4d94000 r-xs 00000000 08:03 1471876    /home/tcolar/netbeans-6.7rc2/ide11/modules/org-netbeans-modules-team-kit.jar
b4d94000-b4d97000 r-xs 00023000 08:03 820283     /home/tcolar/netbeans-6.7rc2/enterprise5/modules/org-netbeans-modules-web-refactoring.jar
b4d97000-b4d98000 r-xs 00000000 08:03 820849     /home/tcolar/netbeans-6.7rc2/enterprise5/modules/org-netbeans-modules-j2ee-kit.jar
b4d98000-b4d99000 r-xs 00000000 08:03 1455767    /home/tcolar/netbeans-6.7rc2/websvccommon1/modules/org-netbeans-modules-websvc-saas-kit.jar
b4d99000-b4dcc000 rwxp b4d99000 00:00 0 
b4dcc000-b4f5e000 r-xs 02f34000 08:02 238258     /usr/lib/jvm/java-6-sun-1.6.0.13/jre/lib/rt.jar
b4f5e000-b4f65000 r-xs 00097000 08:03 1358228    /home/tcolar/netbeans-6.7rc2/platform10/lib/org-openide-util.jar
b4f65000-b4f66000 ---p b4f65000 00:00 0 
b4f66000-b4fe6000 rwxp b4f66000 00:00 0 
b4fe6000-b4fe9000 ---p b4fe6000 00:00 0 
b4fe9000-b51e7000 rwxp b4fe9000 00:00 0 
b51e7000-b51ea000 ---p b51e7000 00:00 0 
b51ea000-b5268000 rwxp b51ea000 00:00 0 
b5268000-b526b000 ---p b5268000 00:00 0 
b526b000-b5469000 rwxp b526b000 00:00 0 
b5469000-b5470000 r-xs 00000000 08:02 170811     /usr/lib/gconv/gconv-modules.cache
b5470000-b54af000 r-xp 00000000 08:02 211947     /usr/lib/locale/en_CA.utf8/LC_CTYPE
b54af000-b54b2000 ---p b54af000 00:00 0 
b54b2000-b56b0000 rwxp b54b2000 00:00 0 
b56b0000-b56b3000 ---p b56b0000 00:00 0 
b56b3000-b58b1000 rwxp b56b3000 00:00 0 
b58b1000-b58b2000 ---p b58b1000 00:00 0 
b58b2000-b594f000 rwxp b58b2000 00:00 0 
b594f000-b59a3000 rwxp b594f000 00:00 0 
b59a3000-b59c7000 rwxp b59a3000 00:00 0 
b59c7000-b5a5d000 rwxp b59c7000 00:00 0 
b5a5d000-b5a60000 rwxp b5a5d000 00:00 0 
b5a60000-b5a6c000 rwxp b5a60000 00:00 0 
b5a6c000-b5a90000 rwxp b5a6c000 00:00 0 
b5a90000-b5b26000 rwxp b5a90000 00:00 0 
b5b26000-b5b36000 rwxp b5b26000 00:00 0 
b5b36000-b5b8a000 rwxp b5b36000 00:00 0 
b5b8a000-b5bb5000 rwxp b5b8a000 00:00 0 
b5bb5000-b5c15000 rwxp b5bb5000 00:00 0 
b5c15000-b63fd000 rwxp b5c15000 00:00 0 
b63fd000-b7c15000 rwxp b63fd000 00:00 0 
b7c15000-b7c24000 r-xp 00000000 08:02 238197     /usr/lib/jvm/java-6-sun-1.6.0.13/jre/lib/i386/libzip.so
b7c24000-b7c26000 rwxp 0000e000 08:02 238197     /usr/lib/jvm/java-6-sun-1.6.0.13/jre/lib/i386/libzip.so
b7c26000-b7c49000 r-xp 00000000 08:02 238196     /usr/lib/jvm/java-6-sun-1.6.0.13/jre/lib/i386/libjava.so
b7c49000-b7c4b000 rwxp 00023000 08:02 238196     /usr/lib/jvm/java-6-sun-1.6.0.13/jre/lib/i386/libjava.so
b7c4b000-b7c55000 r-xp 00000000 08:02 147427     /lib/tls/i686/cmov/libnss_files-2.9.so
b7c55000-b7c56000 r-xp 00009000 08:02 147427     /lib/tls/i686/cmov/libnss_files-2.9.so
b7c56000-b7c57000 rwxp 0000a000 08:02 147427     /lib/tls/i686/cmov/libnss_files-2.9.so
b7c57000-b7c60000 r-xp 00000000 08:02 147429     /lib/tls/i686/cmov/libnss_nis-2.9.so
b7c60000-b7c61000 r-xp 00008000 08:02 147429     /lib/tls/i686/cmov/libnss_nis-2.9.so
b7c61000-b7c62000 rwxp 00009000 08:02 147429     /lib/tls/i686/cmov/libnss_nis-2.9.so
b7c62000-b7c77000 r-xp 00000000 08:02 147424     /lib/tls/i686/cmov/libnsl-2.9.so
b7c77000-b7c78000 r-xp 00014000 08:02 147424     /lib/tls/i686/cmov/libnsl-2.9.so
b7c78000-b7c79000 rwxp 00015000 08:02 147424     /lib/tls/i686/cmov/libnsl-2.9.so
b7c79000-b7c7b000 rwxp b7c79000 00:00 0 
b7c7b000-b7c7c000 r-xs 00000000 08:03 1471716    /home/tcolar/netbeans-6.7rc2/platform10/lib/locale/boot_pt_BR.jar
b7c7c000-b7c7d000 r-xs 00000000 08:03 1471717    /home/tcolar/netbeans-6.7rc2/platform10/lib/locale/boot_ja.jar
b7c7d000-b7c88000 r-xp 00000000 08:02 238195     /usr/lib/jvm/java-6-sun-1.6.0.13/jre/lib/i386/libverify.so
b7c88000-b7c89000 rwxp 0000b000 08:02 238195     /usr/lib/jvm/java-6-sun-1.6.0.13/jre/lib/i386/libverify.so
b7c89000-b7c91000 rwxs 00000000 08:02 546750     /tmp/hsperfdata_tcolar/20878
b7c91000-b7c98000 r-xp 00000000 08:02 147435     /lib/tls/i686/cmov/librt-2.9.so
b7c98000-b7c99000 r-xp 00006000 08:02 147435     /lib/tls/i686/cmov/librt-2.9.so
b7c99000-b7c9a000 rwxp 00007000 08:02 147435     /lib/tls/i686/cmov/librt-2.9.so
b7c9a000-b7c9d000 ---p b7c9a000 00:00 0 
b7c9d000-b7e9b000 rwxp b7c9d000 00:00 0 
b7e9b000-b7ebf000 r-xp 00000000 08:02 147422     /lib/tls/i686/cmov/libm-2.9.so
b7ebf000-b7ec0000 r-xp 00023000 08:02 147422     /lib/tls/i686/cmov/libm-2.9.so
b7ec0000-b7ec1000 rwxp 00024000 08:02 147422     /lib/tls/i686/cmov/libm-2.9.so
b7ec1000-b7ec2000 rwxp b7ec1000 00:00 0 
b7ec2000-b801e000 r-xp 00000000 08:02 147418     /lib/tls/i686/cmov/libc-2.9.so
b801e000-b801f000 ---p 0015c000 08:02 147418     /lib/tls/i686/cmov/libc-2.9.so
b801f000-b8021000 r-xp 0015c000 08:02 147418     /lib/tls/i686/cmov/libc-2.9.so
b8021000-b8022000 rwxp 0015e000 08:02 147418     /lib/tls/i686/cmov/libc-2.9.so
b8022000-b8025000 rwxp b8022000 00:00 0 
b8025000-b8027000 r-xp 00000000 08:02 147421     /lib/tls/i686/cmov/libdl-2.9.so
b8027000-b8028000 r-xp 00001000 08:02 147421     /lib/tls/i686/cmov/libdl-2.9.so
b8028000-b8029000 rwxp 00002000 08:02 147421     /lib/tls/i686/cmov/libdl-2.9.so
b8029000-b8030000 r-xp 00000000 08:02 309808     /usr/lib/jvm/java-6-sun-1.6.0.13/jre/lib/i386/jli/libjli.so
b8030000-b8032000 rwxp 00006000 08:02 309808     /usr/lib/jvm/java-6-sun-1.6.0.13/jre/lib/i386/jli/libjli.so
b8032000-b8033000 rwxp b8032000 00:00 0 
b8033000-b8048000 r-xp 00000000 08:02 147433     /lib/tls/i686/cmov/libpthread-2.9.so
b8048000-b8049000 r-xp 00014000 08:02 147433     /lib/tls/i686/cmov/libpthread-2.9.so
b8049000-b804a000 rwxp 00015000 08:02 147433     /lib/tls/i686/cmov/libpthread-2.9.so
b804a000-b804c000 rwxp b804a000 00:00 0 
b804c000-b804e000 r-xs 00006000 08:03 1358185    /home/tcolar/netbeans-6.7rc2/platform10/lib/org-openide-modules.jar
b804e000-b8050000 r-xs 0003e000 08:03 1358236    /home/tcolar/netbeans-6.7rc2/platform10/lib/boot.jar
b8050000-b8057000 r-xp 00000000 08:02 147425     /lib/tls/i686/cmov/libnss_compat-2.9.so
b8057000-b8058000 r-xp 00006000 08:02 147425     /lib/tls/i686/cmov/libnss_compat-2.9.so
b8058000-b8059000 rwxp 00007000 08:02 147425     /lib/tls/i686/cmov/libnss_compat-2.9.so
b8059000-b805f000 r-xp 00000000 08:02 309800     /usr/lib/jvm/java-6-sun-1.6.0.13/jre/lib/i386/native_threads/libhpi.so
b805f000-b8060000 rwxp 00006000 08:02 309800     /usr/lib/jvm/java-6-sun-1.6.0.13/jre/lib/i386/native_threads/libhpi.so
b8060000-b8061000 rwxp b8060000 00:00 0 
b8061000-b8062000 r-xp b8061000 00:00 0 
b8062000-b8064000 rwxp b8062000 00:00 0 
b8064000-b8065000 r-xp b8064000 00:00 0          [vdso]
b8065000-b8081000 r-xp 00000000 08:02 130115     /lib/ld-2.9.so
b8081000-b8082000 r-xp 0001b000 08:02 130115     /lib/ld-2.9.so
b8082000-b8083000 rwxp 0001c000 08:02 130115     /lib/ld-2.9.so
bfb6c000-bfb82000 rwxp bffea000 00:00 0          [stack]

VM Arguments:
jvm_args: -Djdk.home=/usr/lib/jvm/java-6-sun-1.6.0.13 -Dnetbeans.system_http_proxy=DIRECT -Dnetbeans.system_http_non_proxy_hosts= -Dnetbeans.dirs=/home/tcolar/netbeans-6.7rc2/nb6.7:/home/tcolar/netbeans-6.7rc2/bin/../ergonomics1:/home/tcolar/netbeans-6.7rc2/ide11:/home/tcolar/netbeans-6.7rc2/java2:/home/tcolar/netbeans-6.7rc2/bin/../xml2:/home/tcolar/netbeans-6.7rc2/apisupport1:/home/tcolar/netbeans-6.7rc2/webcommon1:/home/tcolar/netbeans-6.7rc2/websvccommon1:/home/tcolar/netbeans-6.7rc2/enterprise5:/home/tcolar/netbeans-6.7rc2/bin/../mobility8:/home/tcolar/netbeans-6.7rc2/profiler3:/home/tcolar/netbeans-6.7rc2/bin/../ruby2:/home/tcolar/netbeans-6.7rc2/bin/../python1:/home/tcolar/netbeans-6.7rc2/bin/../php1:/home/tcolar/netbeans-6.7rc2/bin/../visualweb2:/home/tcolar/netbeans-6.7rc2/bin/../soa2:/home/tcolar/netbeans-6.7rc2/identity2:/home/tcolar/netbeans-6.7rc2/bin/../uml6:/home/tcolar/netbeans-6.7rc2/harness:/home/tcolar/netbeans-6.7rc2/bin/../cnd2:/home/tcolar/netbeans-6.7rc2/bin/../dlight1:/home/tcolar/netbeans-6.7rc2/bin/../groovy1:/home/tcolar/netbeans-6.7rc2/bin/../extra:/home/tcolar/netbeans-6.7rc2/bin/../javafx2::/home/tcolar/NetBeansProjects/FanSuite/build/cluster -Dnetbeans.home=/home/tcolar/netbeans-6.7rc2/platform10 -Dnetbeans.importclass=org.netbeans.upgrade.AutoUpgrade -Dnetbeans.accept_license_class=org.netbeans.license.AcceptLicense -Xmx401m -Dorg.netbeans.modules.tomcat.autoregister.token=1244963099096 -Dorg.netbeans.modules.tomcat.autoregister.catalinaHome=/home/tcolar/apps/apache-tomcat-6.0.18 -Xss2m -Xms32m -XX:PermSize=32m -XX:MaxPermSize=200m -Xverify:none -Dapple.laf.useScreenMenuBar=true -Dsun.java2d.noddraw=true -Dnetbeans.logger.console=true -ea -XX:+HeapDumpOnOutOfMemoryError -XX:HeapDumpPath=build/testuserdir/var/log/heapdump.hprof 
java_command: org.netbeans.Main --userdir build/testuserdir --branding nb
Launcher Type: SUN_STANDARD

Environment Variables:
PATH=/usr/local/sbin:/usr/local/bin:/usr/sbin:/usr/bin:/sbin:/bin:/usr/bin/X11:/usr/games
USERNAME=tcolar
LD_LIBRARY_PATH=/usr/lib/jvm/java-6-sun-1.6.0.13/jre/lib/i386/client:/usr/lib/jvm/java-6-sun-1.6.0.13/jre/lib/i386:/usr/lib/jvm/java-6-sun-1.6.0.13/jre/../lib/i386
SHELL=/bin/bash
DISPLAY=:0.0

Signal Handlers:
SIGSEGV: [libjvm.so+0x3cd180], sa_mask[0]=0x7ffbfeff, sa_flags=0x10000004
SIGBUS: [libjvm.so+0x3cd180], sa_mask[0]=0x7ffbfeff, sa_flags=0x10000004
SIGFPE: [libjvm.so+0x30ea50], sa_mask[0]=0x7ffbfeff, sa_flags=0x10000004
SIGPIPE: [libjvm.so+0x30ea50], sa_mask[0]=0x7ffbfeff, sa_flags=0x10000004
SIGXFSZ: [libjvm.so+0x30ea50], sa_mask[0]=0x7ffbfeff, sa_flags=0x10000004
SIGILL: [libjvm.so+0x30ea50], sa_mask[0]=0x7ffbfeff, sa_flags=0x10000004
SIGUSR1: SIG_DFL, sa_mask[0]=0x00000000, sa_flags=0x00000000
SIGUSR2: [libjvm.so+0x310f20], sa_mask[0]=0x00000004, sa_flags=0x10000004
SIGHUP: [libjvm.so+0x310cc0], sa_mask[0]=0x7ffbfeff, sa_flags=0x10000004
SIGINT: SIG_IGN, sa_mask[0]=0x00000000, sa_flags=0x00000000
SIGTERM: [libjvm.so+0x310cc0], sa_mask[0]=0x7ffbfeff, sa_flags=0x10000004
SIGQUIT: [libjvm.so+0x310cc0], sa_mask[0]=0x7ffbfeff, sa_flags=0x10000004


---------------  S Y S T E M  ---------------

OS:5.0

uname:Linux 2.6.28-11-generic #42-Ubuntu SMP Fri Apr 17 01:57:59 UTC 2009 i686
libc:glibc 2.9 NPTL 2.9 
rlimit: STACK 8192k, CORE 0k, NPROC infinity, NOFILE 60000, AS infinity
load average:1.08 1.09 1.00

CPU:total 1 (1 cores per cpu, 1 threads per core) family 6 model 13 stepping 8, cmov, cx8, fxsr, mmx, sse, sse2

Memory: 4k page, physical 2053648k(93532k free), swap 1542200k(1220344k free)

vm_info: Java HotSpot(TM) Client VM (11.3-b02) for linux-x86 JRE (1.6.0_13-b03), built on Mar  9 2009 01:29:45 by "java_re" with gcc 3.2.1-7a (J2SE release)

time: Sat Jun 27 21:25:55 2009
elapsed time: 395 seconds

